$$$$$$ default value $$$$$$$
  Columns 1 through 11

    0.1000         0   -0.1000    0.1000         0   -0.1000    4.0000         0   -4.0000    4.5000         0

  Columns 12 through 18

         0    4.5000         0         0   10.0000         0         0

Elapsed time is 264.210508 seconds.
initialisation time
Elapsed time is 0.000093 seconds.
time taken
------------------ITERATION
     1

----------------------------
falsify

(alw_[3,100] (((abs(Z[t+dt]-Z[t]) < epsi1)) and (((abs(X[t+dt]-X[t]) < epsi1)) and (((abs(Y[t+dt]-Y[t]) < epsi1)) and ((abs(Psi[t+dt]-Psi[t]) < epsi1)))))) and ((ev_[0,tau1] (((Z[t] > Zd[t]*bt)) and (((X[t] > Xd[t]*bt)) and ((Y[t] > Yd[t]*bt))))) and ((ev_[0,tau2] (alw (((abs(X[t]-Xd[t]) < epsi2)) and (((abs(Z[t]-Zd[t]) < epsi2)) and ((abs(Y[t]-Yd[t]) < epsi2)))))) and (alw (((Z[t] < al*Zd[t])) and (((X[t] < al*Xd[t])) and ((Y[t] < al*Yd[t])))))))

Eval objective function on 38 initial parameters.
#calls (max:  100)        time spent (max: 180)     [current  obj]     (current best) 
         1                        1.8               [-8.75424e-02]    (-8.75424e-02)

 ---- Best value -0.0875424 found with
        Xd_u0 = 4.1
        Yd_u0 = 0.4
        Zd_u0 = 2.1

Falsified with obj = -0.0875424
falsify

(alw_[3,100] (((abs(Z[t+dt]-Z[t]) < epsi1)) and (((abs(X[t+dt]-X[t]) < epsi1)) and (((abs(Y[t+dt]-Y[t]) < epsi1)) and ((abs(Psi[t+dt]-Psi[t]) < epsi1)))))) and ((ev_[0,tau1] (((Z[t] > Zd[t]*bt)) and (((X[t] > Xd[t]*bt)) and ((Y[t] > Yd[t]*bt))))) and ((ev_[0,tau2] (alw (((abs(X[t]-Xd[t]) < epsi2)) and (((abs(Z[t]-Zd[t]) < epsi2)) and ((abs(Y[t]-Yd[t]) < epsi2)))))) and (alw (((Z[t] < al*Zd[t])) and (((X[t] < al*Xd[t])) and ((Y[t] < al*Yd[t])))))))

Eval objective function on 38 initial parameters.
#calls (max:  100)        time spent (max: 180)     [current  obj]     (current best) 
         1                        3.7               [-8.75424e-02]    (-8.75424e-02)

 ---- Best value -0.0875424 found with
        Xd_u0 = 4.1
        Yd_u0 = 0.4
        Zd_u0 = 2.1

Falsified with obj = -0.0875424
Elapsed time is 161.894183 seconds.
time taken
------------------ITERATION
     2

----------------------------
falsify

(alw_[3,100] (((abs(Z[t+dt]-Z[t]) < epsi1)) and (((abs(X[t+dt]-X[t]) < epsi1)) and (((abs(Y[t+dt]-Y[t]) < epsi1)) and ((abs(Psi[t+dt]-Psi[t]) < epsi1)))))) and ((ev_[0,tau1] (((Z[t] > Zd[t]*bt)) and (((X[t] > Xd[t]*bt)) and ((Y[t] > Yd[t]*bt))))) and ((ev_[0,tau2] (alw (((abs(X[t]-Xd[t]) < epsi2)) and (((abs(Z[t]-Zd[t]) < epsi2)) and ((abs(Y[t]-Yd[t]) < epsi2)))))) and (alw (((Z[t] < al*Zd[t])) and (((X[t] < al*Xd[t])) and ((Y[t] < al*Yd[t])))))))

Eval objective function on 38 initial parameters.
#calls (max:  100)        time spent (max: 180)     [current  obj]     (current best) 
         1                        2.0               [-8.75424e-02]    (-8.75424e-02)

 ---- Best value -0.0875424 found with
        Xd_u0 = 4.1
        Yd_u0 = 0.4
        Zd_u0 = 2.1

Falsified with obj = -0.0875424
falsify

(alw_[3,100] (((abs(Z[t+dt]-Z[t]) < epsi1)) and (((abs(X[t+dt]-X[t]) < epsi1)) and (((abs(Y[t+dt]-Y[t]) < epsi1)) and ((abs(Psi[t+dt]-Psi[t]) < epsi1)))))) and ((ev_[0,tau1] (((Z[t] > Zd[t]*bt)) and (((X[t] > Xd[t]*bt)) and ((Y[t] > Yd[t]*bt))))) and ((ev_[0,tau2] (alw (((abs(X[t]-Xd[t]) < epsi2)) and (((abs(Z[t]-Zd[t]) < epsi2)) and ((abs(Y[t]-Yd[t]) < epsi2)))))) and (alw (((Z[t] < al*Zd[t])) and (((X[t] < al*Xd[t])) and ((Y[t] < al*Yd[t])))))))

Eval objective function on 38 initial parameters.
#calls (max:  100)        time spent (max: 180)     [current  obj]     (current best) 
         1                        2.2               [-8.75424e-02]    (-8.75424e-02)

 ---- Best value -0.0875424 found with
        Xd_u0 = 4.1
        Yd_u0 = 0.4
        Zd_u0 = 2.1

Falsified with obj = -0.0875424
Elapsed time is 340.213663 seconds.
time taken
------------------ITERATION
     3

----------------------------
falsify

(alw_[3,100] (((abs(Z[t+dt]-Z[t]) < epsi1)) and (((abs(X[t+dt]-X[t]) < epsi1)) and (((abs(Y[t+dt]-Y[t]) < epsi1)) and ((abs(Psi[t+dt]-Psi[t]) < epsi1)))))) and ((ev_[0,tau1] (((Z[t] > Zd[t]*bt)) and (((X[t] > Xd[t]*bt)) and ((Y[t] > Yd[t]*bt))))) and ((ev_[0,tau2] (alw (((abs(X[t]-Xd[t]) < epsi2)) and (((abs(Z[t]-Zd[t]) < epsi2)) and ((abs(Y[t]-Yd[t]) < epsi2)))))) and (alw (((Z[t] < al*Zd[t])) and (((X[t] < al*Xd[t])) and ((Y[t] < al*Yd[t])))))))

Eval objective function on 38 initial parameters.
#calls (max:  100)        time spent (max: 180)     [current  obj]     (current best) 
         1                        2.2               [-8.75424e-02]    (-8.75424e-02)

 ---- Best value -0.0875424 found with
        Xd_u0 = 4.1
        Yd_u0 = 0.4
        Zd_u0 = 2.1

Falsified with obj = -0.0875424
falsify

(alw_[3,100] (((abs(Z[t+dt]-Z[t]) < epsi1)) and (((abs(X[t+dt]-X[t]) < epsi1)) and (((abs(Y[t+dt]-Y[t]) < epsi1)) and ((abs(Psi[t+dt]-Psi[t]) < epsi1)))))) and ((ev_[0,tau1] (((Z[t] > Zd[t]*bt)) and (((X[t] > Xd[t]*bt)) and ((Y[t] > Yd[t]*bt))))) and ((ev_[0,tau2] (alw (((abs(X[t]-Xd[t]) < epsi2)) and (((abs(Z[t]-Zd[t]) < epsi2)) and ((abs(Y[t]-Yd[t]) < epsi2)))))) and (alw (((Z[t] < al*Zd[t])) and (((X[t] < al*Xd[t])) and ((Y[t] < al*Yd[t])))))))

Eval objective function on 38 initial parameters.
#calls (max:  100)        time spent (max: 180)     [current  obj]     (current best) 
         1                        2.2               [-8.75424e-02]    (-8.75424e-02)

 ---- Best value -0.0875424 found with
        Xd_u0 = 4.1
        Yd_u0 = 0.4
        Zd_u0 = 2.1

Falsified with obj = -0.0875424
Elapsed time is 527.295183 seconds.
time taken
------------------ITERATION
     4

----------------------------
falsify

(alw_[3,100] (((abs(Z[t+dt]-Z[t]) < epsi1)) and (((abs(X[t+dt]-X[t]) < epsi1)) and (((abs(Y[t+dt]-Y[t]) < epsi1)) and ((abs(Psi[t+dt]-Psi[t]) < epsi1)))))) and ((ev_[0,tau1] (((Z[t] > Zd[t]*bt)) and (((X[t] > Xd[t]*bt)) and ((Y[t] > Yd[t]*bt))))) and ((ev_[0,tau2] (alw (((abs(X[t]-Xd[t]) < epsi2)) and (((abs(Z[t]-Zd[t]) < epsi2)) and ((abs(Y[t]-Yd[t]) < epsi2)))))) and (alw (((Z[t] < al*Zd[t])) and (((X[t] < al*Xd[t])) and ((Y[t] < al*Yd[t])))))))

Eval objective function on 38 initial parameters.
#calls (max:  100)        time spent (max: 180)     [current  obj]     (current best) 
         1                        1.9               [-8.75424e-02]    (-8.75424e-02)

 ---- Best value -0.0875424 found with
        Xd_u0 = 4.1
        Yd_u0 = 0.4
        Zd_u0 = 2.1

Falsified with obj = -0.0875424
falsify

(alw_[3,100] (((abs(Z[t+dt]-Z[t]) < epsi1)) and (((abs(X[t+dt]-X[t]) < epsi1)) and (((abs(Y[t+dt]-Y[t]) < epsi1)) and ((abs(Psi[t+dt]-Psi[t]) < epsi1)))))) and ((ev_[0,tau1] (((Z[t] > Zd[t]*bt)) and (((X[t] > Xd[t]*bt)) and ((Y[t] > Yd[t]*bt))))) and ((ev_[0,tau2] (alw (((abs(X[t]-Xd[t]) < epsi2)) and (((abs(Z[t]-Zd[t]) < epsi2)) and ((abs(Y[t]-Yd[t]) < epsi2)))))) and (alw (((Z[t] < al*Zd[t])) and (((X[t] < al*Xd[t])) and ((Y[t] < al*Yd[t])))))))

Eval objective function on 38 initial parameters.
#calls (max:  100)        time spent (max: 180)     [current  obj]     (current best) 
         1                        2.2               [-8.75424e-02]    (-8.75424e-02)

 ---- Best value -0.0875424 found with
        Xd_u0 = 4.1
        Yd_u0 = 0.4
        Zd_u0 = 2.1

Falsified with obj = -0.0875424
Elapsed time is 718.742665 seconds.
time taken
------------------ITERATION
     5

----------------------------
falsify

(alw_[3,100] (((abs(Z[t+dt]-Z[t]) < epsi1)) and (((abs(X[t+dt]-X[t]) < epsi1)) and (((abs(Y[t+dt]-Y[t]) < epsi1)) and ((abs(Psi[t+dt]-Psi[t]) < epsi1)))))) and ((ev_[0,tau1] (((Z[t] > Zd[t]*bt)) and (((X[t] > Xd[t]*bt)) and ((Y[t] > Yd[t]*bt))))) and ((ev_[0,tau2] (alw (((abs(X[t]-Xd[t]) < epsi2)) and (((abs(Z[t]-Zd[t]) < epsi2)) and ((abs(Y[t]-Yd[t]) < epsi2)))))) and (alw (((Z[t] < al*Zd[t])) and (((X[t] < al*Xd[t])) and ((Y[t] < al*Yd[t])))))))

Eval objective function on 38 initial parameters.
#calls (max:  100)        time spent (max: 180)     [current  obj]     (current best) 
         1                        2.1               [-8.75424e-02]    (-8.75424e-02)

 ---- Best value -0.0875424 found with
        Xd_u0 = 4.1
        Yd_u0 = 0.4
        Zd_u0 = 2.1

Falsified with obj = -0.0875424
falsify

(alw_[3,100] (((abs(Z[t+dt]-Z[t]) < epsi1)) and (((abs(X[t+dt]-X[t]) < epsi1)) and (((abs(Y[t+dt]-Y[t]) < epsi1)) and ((abs(Psi[t+dt]-Psi[t]) < epsi1)))))) and ((ev_[0,tau1] (((Z[t] > Zd[t]*bt)) and (((X[t] > Xd[t]*bt)) and ((Y[t] > Yd[t]*bt))))) and ((ev_[0,tau2] (alw (((abs(X[t]-Xd[t]) < epsi2)) and (((abs(Z[t]-Zd[t]) < epsi2)) and ((abs(Y[t]-Yd[t]) < epsi2)))))) and (alw (((Z[t] < al*Zd[t])) and (((X[t] < al*Xd[t])) and ((Y[t] < al*Yd[t])))))))

Eval objective function on 38 initial parameters.
#calls (max:  100)        time spent (max: 180)     [current  obj]     (current best) 
         1                        2.0               [-8.75424e-02]    (-8.75424e-02)

 ---- Best value -0.0875424 found with
        Xd_u0 = 4.1
        Yd_u0 = 0.4
        Zd_u0 = 2.1

Falsified with obj = -0.0875424
Elapsed time is 874.808425 seconds.
time taken
------------------ITERATION
     6

----------------------------
falsify

(alw_[3,100] (((abs(Z[t+dt]-Z[t]) < epsi1)) and (((abs(X[t+dt]-X[t]) < epsi1)) and (((abs(Y[t+dt]-Y[t]) < epsi1)) and ((abs(Psi[t+dt]-Psi[t]) < epsi1)))))) and ((ev_[0,tau1] (((Z[t] > Zd[t]*bt)) and (((X[t] > Xd[t]*bt)) and ((Y[t] > Yd[t]*bt))))) and ((ev_[0,tau2] (alw (((abs(X[t]-Xd[t]) < epsi2)) and (((abs(Z[t]-Zd[t]) < epsi2)) and ((abs(Y[t]-Yd[t]) < epsi2)))))) and (alw (((Z[t] < al*Zd[t])) and (((X[t] < al*Xd[t])) and ((Y[t] < al*Yd[t])))))))

Eval objective function on 38 initial parameters.
#calls (max:  100)        time spent (max: 180)     [current  obj]     (current best) 
         1                        2.0               [-8.75424e-02]    (-8.75424e-02)

 ---- Best value -0.0875424 found with
        Xd_u0 = 4.1
        Yd_u0 = 0.4
        Zd_u0 = 2.1

Falsified with obj = -0.0875424
falsify

(alw_[3,100] (((abs(Z[t+dt]-Z[t]) < epsi1)) and (((abs(X[t+dt]-X[t]) < epsi1)) and (((abs(Y[t+dt]-Y[t]) < epsi1)) and ((abs(Psi[t+dt]-Psi[t]) < epsi1)))))) and ((ev_[0,tau1] (((Z[t] > Zd[t]*bt)) and (((X[t] > Xd[t]*bt)) and ((Y[t] > Yd[t]*bt))))) and ((ev_[0,tau2] (alw (((abs(X[t]-Xd[t]) < epsi2)) and (((abs(Z[t]-Zd[t]) < epsi2)) and ((abs(Y[t]-Yd[t]) < epsi2)))))) and (alw (((Z[t] < al*Zd[t])) and (((X[t] < al*Xd[t])) and ((Y[t] < al*Yd[t])))))))

Eval objective function on 38 initial parameters.
#calls (max:  100)        time spent (max: 180)     [current  obj]     (current best) 
         1                        2.0               [-8.75424e-02]    (-8.75424e-02)

 ---- Best value -0.0875424 found with
        Xd_u0 = 4.1
        Yd_u0 = 0.4
        Zd_u0 = 2.1

Falsified with obj = -0.0875424
Elapsed time is 1023.310558 seconds.
time taken
------------------ITERATION
     7

----------------------------
falsify

(alw_[3,100] (((abs(Z[t+dt]-Z[t]) < epsi1)) and (((abs(X[t+dt]-X[t]) < epsi1)) and (((abs(Y[t+dt]-Y[t]) < epsi1)) and ((abs(Psi[t+dt]-Psi[t]) < epsi1)))))) and ((ev_[0,tau1] (((Z[t] > Zd[t]*bt)) and (((X[t] > Xd[t]*bt)) and ((Y[t] > Yd[t]*bt))))) and ((ev_[0,tau2] (alw (((abs(X[t]-Xd[t]) < epsi2)) and (((abs(Z[t]-Zd[t]) < epsi2)) and ((abs(Y[t]-Yd[t]) < epsi2)))))) and (alw (((Z[t] < al*Zd[t])) and (((X[t] < al*Xd[t])) and ((Y[t] < al*Yd[t])))))))

Eval objective function on 38 initial parameters.
#calls (max:  100)        time spent (max: 180)     [current  obj]     (current best) 
         1                        2.0               [-8.75424e-02]    (-8.75424e-02)

 ---- Best value -0.0875424 found with
        Xd_u0 = 4.1
        Yd_u0 = 0.4
        Zd_u0 = 2.1

Falsified with obj = -0.0875424
falsify

(alw_[3,100] (((abs(Z[t+dt]-Z[t]) < epsi1)) and (((abs(X[t+dt]-X[t]) < epsi1)) and (((abs(Y[t+dt]-Y[t]) < epsi1)) and ((abs(Psi[t+dt]-Psi[t]) < epsi1)))))) and ((ev_[0,tau1] (((Z[t] > Zd[t]*bt)) and (((X[t] > Xd[t]*bt)) and ((Y[t] > Yd[t]*bt))))) and ((ev_[0,tau2] (alw (((abs(X[t]-Xd[t]) < epsi2)) and (((abs(Z[t]-Zd[t]) < epsi2)) and ((abs(Y[t]-Yd[t]) < epsi2)))))) and (alw (((Z[t] < al*Zd[t])) and (((X[t] < al*Xd[t])) and ((Y[t] < al*Yd[t])))))))

Eval objective function on 38 initial parameters.
#calls (max:  100)        time spent (max: 180)     [current  obj]     (current best) 
         1                        2.0               [-8.75424e-02]    (-8.75424e-02)

 ---- Best value -0.0875424 found with
        Xd_u0 = 4.1
        Yd_u0 = 0.4
        Zd_u0 = 2.1

Falsified with obj = -0.0875424
Elapsed time is 1173.341546 seconds.
time taken
------------------ITERATION
     8

----------------------------
falsify

(alw_[3,100] (((abs(Z[t+dt]-Z[t]) < epsi1)) and (((abs(X[t+dt]-X[t]) < epsi1)) and (((abs(Y[t+dt]-Y[t]) < epsi1)) and ((abs(Psi[t+dt]-Psi[t]) < epsi1)))))) and ((ev_[0,tau1] (((Z[t] > Zd[t]*bt)) and (((X[t] > Xd[t]*bt)) and ((Y[t] > Yd[t]*bt))))) and ((ev_[0,tau2] (alw (((abs(X[t]-Xd[t]) < epsi2)) and (((abs(Z[t]-Zd[t]) < epsi2)) and ((abs(Y[t]-Yd[t]) < epsi2)))))) and (alw (((Z[t] < al*Zd[t])) and (((X[t] < al*Xd[t])) and ((Y[t] < al*Yd[t])))))))

Eval objective function on 38 initial parameters.
#calls (max:  100)        time spent (max: 180)     [current  obj]     (current best) 
         1                        2.0               [-8.75424e-02]    (-8.75424e-02)

 ---- Best value -0.0875424 found with
        Xd_u0 = 4.1
        Yd_u0 = 0.4
        Zd_u0 = 2.1

Falsified with obj = -0.0875424
falsify

(alw_[3,100] (((abs(Z[t+dt]-Z[t]) < epsi1)) and (((abs(X[t+dt]-X[t]) < epsi1)) and (((abs(Y[t+dt]-Y[t]) < epsi1)) and ((abs(Psi[t+dt]-Psi[t]) < epsi1)))))) and ((ev_[0,tau1] (((Z[t] > Zd[t]*bt)) and (((X[t] > Xd[t]*bt)) and ((Y[t] > Yd[t]*bt))))) and ((ev_[0,tau2] (alw (((abs(X[t]-Xd[t]) < epsi2)) and (((abs(Z[t]-Zd[t]) < epsi2)) and ((abs(Y[t]-Yd[t]) < epsi2)))))) and (alw (((Z[t] < al*Zd[t])) and (((X[t] < al*Xd[t])) and ((Y[t] < al*Yd[t])))))))

Eval objective function on 38 initial parameters.
#calls (max:  100)        time spent (max: 180)     [current  obj]     (current best) 
         1                        2.0               [-8.75424e-02]    (-8.75424e-02)

 ---- Best value -0.0875424 found with
        Xd_u0 = 4.1
        Yd_u0 = 0.4
        Zd_u0 = 2.1

Falsified with obj = -0.0875424
Elapsed time is 1326.489088 seconds.
time taken
------------------ITERATION
     9

----------------------------
falsify

(alw_[3,100] (((abs(Z[t+dt]-Z[t]) < epsi1)) and (((abs(X[t+dt]-X[t]) < epsi1)) and (((abs(Y[t+dt]-Y[t]) < epsi1)) and ((abs(Psi[t+dt]-Psi[t]) < epsi1)))))) and ((ev_[0,tau1] (((Z[t] > Zd[t]*bt)) and (((X[t] > Xd[t]*bt)) and ((Y[t] > Yd[t]*bt))))) and ((ev_[0,tau2] (alw (((abs(X[t]-Xd[t]) < epsi2)) and (((abs(Z[t]-Zd[t]) < epsi2)) and ((abs(Y[t]-Yd[t]) < epsi2)))))) and (alw (((Z[t] < al*Zd[t])) and (((X[t] < al*Xd[t])) and ((Y[t] < al*Yd[t])))))))

Eval objective function on 38 initial parameters.
#calls (max:  100)        time spent (max: 180)     [current  obj]     (current best) 
         1                        2.3               [-8.75424e-02]    (-8.75424e-02)

 ---- Best value -0.0875424 found with
        Xd_u0 = 4.1
        Yd_u0 = 0.4
        Zd_u0 = 2.1

Falsified with obj = -0.0875424
falsify

(alw_[3,100] (((abs(Z[t+dt]-Z[t]) < epsi1)) and (((abs(X[t+dt]-X[t]) < epsi1)) and (((abs(Y[t+dt]-Y[t]) < epsi1)) and ((abs(Psi[t+dt]-Psi[t]) < epsi1)))))) and ((ev_[0,tau1] (((Z[t] > Zd[t]*bt)) and (((X[t] > Xd[t]*bt)) and ((Y[t] > Yd[t]*bt))))) and ((ev_[0,tau2] (alw (((abs(X[t]-Xd[t]) < epsi2)) and (((abs(Z[t]-Zd[t]) < epsi2)) and ((abs(Y[t]-Yd[t]) < epsi2)))))) and (alw (((Z[t] < al*Zd[t])) and (((X[t] < al*Xd[t])) and ((Y[t] < al*Yd[t])))))))

Eval objective function on 38 initial parameters.
#calls (max:  100)        time spent (max: 180)     [current  obj]     (current best) 
         1                        2.2               [-8.75424e-02]    (-8.75424e-02)

 ---- Best value -0.0875424 found with
        Xd_u0 = 4.1
        Yd_u0 = 0.4
        Zd_u0 = 2.1

Falsified with obj = -0.0875424
Elapsed time is 1479.754065 seconds.
time taken
------------------ITERATION
    10

----------------------------
falsify

(alw_[3,100] (((abs(Z[t+dt]-Z[t]) < epsi1)) and (((abs(X[t+dt]-X[t]) < epsi1)) and (((abs(Y[t+dt]-Y[t]) < epsi1)) and ((abs(Psi[t+dt]-Psi[t]) < epsi1)))))) and ((ev_[0,tau1] (((Z[t] > Zd[t]*bt)) and (((X[t] > Xd[t]*bt)) and ((Y[t] > Yd[t]*bt))))) and ((ev_[0,tau2] (alw (((abs(X[t]-Xd[t]) < epsi2)) and (((abs(Z[t]-Zd[t]) < epsi2)) and ((abs(Y[t]-Yd[t]) < epsi2)))))) and (alw (((Z[t] < al*Zd[t])) and (((X[t] < al*Xd[t])) and ((Y[t] < al*Yd[t])))))))

Eval objective function on 38 initial parameters.
#calls (max:  100)        time spent (max: 180)     [current  obj]     (current best) 
         1                        2.1               [-8.75424e-02]    (-8.75424e-02)

 ---- Best value -0.0875424 found with
        Xd_u0 = 4.1
        Yd_u0 = 0.4
        Zd_u0 = 2.1

Falsified with obj = -0.0875424
falsify

(alw_[3,100] (((abs(Z[t+dt]-Z[t]) < epsi1)) and (((abs(X[t+dt]-X[t]) < epsi1)) and (((abs(Y[t+dt]-Y[t]) < epsi1)) and ((abs(Psi[t+dt]-Psi[t]) < epsi1)))))) and ((ev_[0,tau1] (((Z[t] > Zd[t]*bt)) and (((X[t] > Xd[t]*bt)) and ((Y[t] > Yd[t]*bt))))) and ((ev_[0,tau2] (alw (((abs(X[t]-Xd[t]) < epsi2)) and (((abs(Z[t]-Zd[t]) < epsi2)) and ((abs(Y[t]-Yd[t]) < epsi2)))))) and (alw (((Z[t] < al*Zd[t])) and (((X[t] < al*Xd[t])) and ((Y[t] < al*Yd[t])))))))

Eval objective function on 38 initial parameters.
#calls (max:  100)        time spent (max: 180)     [current  obj]     (current best) 
         1                        2.0               [-8.75424e-02]    (-8.75424e-02)

 ---- Best value -0.0875424 found with
        Xd_u0 = 4.1
        Yd_u0 = 0.4
        Zd_u0 = 2.1

Falsified with obj = -0.0875424
Elapsed time is 1633.240588 seconds.
time taken
------------------ITERATION
    11

----------------------------
falsify

(alw_[3,100] (((abs(Z[t+dt]-Z[t]) < epsi1)) and (((abs(X[t+dt]-X[t]) < epsi1)) and (((abs(Y[t+dt]-Y[t]) < epsi1)) and ((abs(Psi[t+dt]-Psi[t]) < epsi1)))))) and ((ev_[0,tau1] (((Z[t] > Zd[t]*bt)) and (((X[t] > Xd[t]*bt)) and ((Y[t] > Yd[t]*bt))))) and ((ev_[0,tau2] (alw (((abs(X[t]-Xd[t]) < epsi2)) and (((abs(Z[t]-Zd[t]) < epsi2)) and ((abs(Y[t]-Yd[t]) < epsi2)))))) and (alw (((Z[t] < al*Zd[t])) and (((X[t] < al*Xd[t])) and ((Y[t] < al*Yd[t])))))))

Eval objective function on 38 initial parameters.
#calls (max:  100)        time spent (max: 180)     [current  obj]     (current best) 
         1                        1.9               [-8.75424e-02]    (-8.75424e-02)

 ---- Best value -0.0875424 found with
        Xd_u0 = 4.1
        Yd_u0 = 0.4
        Zd_u0 = 2.1

Falsified with obj = -0.0875424
falsify

(alw_[3,100] (((abs(Z[t+dt]-Z[t]) < epsi1)) and (((abs(X[t+dt]-X[t]) < epsi1)) and (((abs(Y[t+dt]-Y[t]) < epsi1)) and ((abs(Psi[t+dt]-Psi[t]) < epsi1)))))) and ((ev_[0,tau1] (((Z[t] > Zd[t]*bt)) and (((X[t] > Xd[t]*bt)) and ((Y[t] > Yd[t]*bt))))) and ((ev_[0,tau2] (alw (((abs(X[t]-Xd[t]) < epsi2)) and (((abs(Z[t]-Zd[t]) < epsi2)) and ((abs(Y[t]-Yd[t]) < epsi2)))))) and (alw (((Z[t] < al*Zd[t])) and (((X[t] < al*Xd[t])) and ((Y[t] < al*Yd[t])))))))

Eval objective function on 38 initial parameters.
#calls (max:  100)        time spent (max: 180)     [current  obj]     (current best) 
         1                        2.0               [-8.75424e-02]    (-8.75424e-02)

 ---- Best value -0.0875424 found with
        Xd_u0 = 4.1
        Yd_u0 = 0.4
        Zd_u0 = 2.1

Falsified with obj = -0.0875424
Elapsed time is 1788.212140 seconds.
time taken
------------------ITERATION
    12

----------------------------
falsify

(alw_[3,100] (((abs(Z[t+dt]-Z[t]) < epsi1)) and (((abs(X[t+dt]-X[t]) < epsi1)) and (((abs(Y[t+dt]-Y[t]) < epsi1)) and ((abs(Psi[t+dt]-Psi[t]) < epsi1)))))) and ((ev_[0,tau1] (((Z[t] > Zd[t]*bt)) and (((X[t] > Xd[t]*bt)) and ((Y[t] > Yd[t]*bt))))) and ((ev_[0,tau2] (alw (((abs(X[t]-Xd[t]) < epsi2)) and (((abs(Z[t]-Zd[t]) < epsi2)) and ((abs(Y[t]-Yd[t]) < epsi2)))))) and (alw (((Z[t] < al*Zd[t])) and (((X[t] < al*Xd[t])) and ((Y[t] < al*Yd[t])))))))

Eval objective function on 38 initial parameters.
#calls (max:  100)        time spent (max: 180)     [current  obj]     (current best) 
         1                        2.1               [-8.75424e-02]    (-8.75424e-02)

 ---- Best value -0.0875424 found with
        Xd_u0 = 4.1
        Yd_u0 = 0.4
        Zd_u0 = 2.1

Falsified with obj = -0.0875424
falsify

(alw_[3,100] (((abs(Z[t+dt]-Z[t]) < epsi1)) and (((abs(X[t+dt]-X[t]) < epsi1)) and (((abs(Y[t+dt]-Y[t]) < epsi1)) and ((abs(Psi[t+dt]-Psi[t]) < epsi1)))))) and ((ev_[0,tau1] (((Z[t] > Zd[t]*bt)) and (((X[t] > Xd[t]*bt)) and ((Y[t] > Yd[t]*bt))))) and ((ev_[0,tau2] (alw (((abs(X[t]-Xd[t]) < epsi2)) and (((abs(Z[t]-Zd[t]) < epsi2)) and ((abs(Y[t]-Yd[t]) < epsi2)))))) and (alw (((Z[t] < al*Zd[t])) and (((X[t] < al*Xd[t])) and ((Y[t] < al*Yd[t])))))))

Eval objective function on 38 initial parameters.
#calls (max:  100)        time spent (max: 180)     [current  obj]     (current best) 
         1                        2.0               [-8.75424e-02]    (-8.75424e-02)

 ---- Best value -0.0875424 found with
        Xd_u0 = 4.1
        Yd_u0 = 0.4
        Zd_u0 = 2.1

Falsified with obj = -0.0875424
Elapsed time is 1943.592149 seconds.
time taken
------------------ITERATION
    13

----------------------------
falsify

(alw_[3,100] (((abs(Z[t+dt]-Z[t]) < epsi1)) and (((abs(X[t+dt]-X[t]) < epsi1)) and (((abs(Y[t+dt]-Y[t]) < epsi1)) and ((abs(Psi[t+dt]-Psi[t]) < epsi1)))))) and ((ev_[0,tau1] (((Z[t] > Zd[t]*bt)) and (((X[t] > Xd[t]*bt)) and ((Y[t] > Yd[t]*bt))))) and ((ev_[0,tau2] (alw (((abs(X[t]-Xd[t]) < epsi2)) and (((abs(Z[t]-Zd[t]) < epsi2)) and ((abs(Y[t]-Yd[t]) < epsi2)))))) and (alw (((Z[t] < al*Zd[t])) and (((X[t] < al*Xd[t])) and ((Y[t] < al*Yd[t])))))))

Eval objective function on 38 initial parameters.
#calls (max:  100)        time spent (max: 180)     [current  obj]     (current best) 
         1                        2.1               [-8.75424e-02]    (-8.75424e-02)

 ---- Best value -0.0875424 found with
        Xd_u0 = 4.1
        Yd_u0 = 0.4
        Zd_u0 = 2.1

Falsified with obj = -0.0875424
falsify

(alw_[3,100] (((abs(Z[t+dt]-Z[t]) < epsi1)) and (((abs(X[t+dt]-X[t]) < epsi1)) and (((abs(Y[t+dt]-Y[t]) < epsi1)) and ((abs(Psi[t+dt]-Psi[t]) < epsi1)))))) and ((ev_[0,tau1] (((Z[t] > Zd[t]*bt)) and (((X[t] > Xd[t]*bt)) and ((Y[t] > Yd[t]*bt))))) and ((ev_[0,tau2] (alw (((abs(X[t]-Xd[t]) < epsi2)) and (((abs(Z[t]-Zd[t]) < epsi2)) and ((abs(Y[t]-Yd[t]) < epsi2)))))) and (alw (((Z[t] < al*Zd[t])) and (((X[t] < al*Xd[t])) and ((Y[t] < al*Yd[t])))))))

Eval objective function on 38 initial parameters.
#calls (max:  100)        time spent (max: 180)     [current  obj]     (current best) 
         1                        2.0               [-8.75424e-02]    (-8.75424e-02)

 ---- Best value -0.0875424 found with
        Xd_u0 = 4.1
        Yd_u0 = 0.4
        Zd_u0 = 2.1

Falsified with obj = -0.0875424
Elapsed time is 2101.575334 seconds.
time taken
------------------ITERATION
    14

----------------------------
falsify

(alw_[3,100] (((abs(Z[t+dt]-Z[t]) < epsi1)) and (((abs(X[t+dt]-X[t]) < epsi1)) and (((abs(Y[t+dt]-Y[t]) < epsi1)) and ((abs(Psi[t+dt]-Psi[t]) < epsi1)))))) and ((ev_[0,tau1] (((Z[t] > Zd[t]*bt)) and (((X[t] > Xd[t]*bt)) and ((Y[t] > Yd[t]*bt))))) and ((ev_[0,tau2] (alw (((abs(X[t]-Xd[t]) < epsi2)) and (((abs(Z[t]-Zd[t]) < epsi2)) and ((abs(Y[t]-Yd[t]) < epsi2)))))) and (alw (((Z[t] < al*Zd[t])) and (((X[t] < al*Xd[t])) and ((Y[t] < al*Yd[t])))))))

Eval objective function on 38 initial parameters.
#calls (max:  100)        time spent (max: 180)     [current  obj]     (current best) 
         1                        2.2               [-8.75424e-02]    (-8.75424e-02)

 ---- Best value -0.0875424 found with
        Xd_u0 = 4.1
        Yd_u0 = 0.4
        Zd_u0 = 2.1

Falsified with obj = -0.0875424
falsify

(alw_[3,100] (((abs(Z[t+dt]-Z[t]) < epsi1)) and (((abs(X[t+dt]-X[t]) < epsi1)) and (((abs(Y[t+dt]-Y[t]) < epsi1)) and ((abs(Psi[t+dt]-Psi[t]) < epsi1)))))) and ((ev_[0,tau1] (((Z[t] > Zd[t]*bt)) and (((X[t] > Xd[t]*bt)) and ((Y[t] > Yd[t]*bt))))) and ((ev_[0,tau2] (alw (((abs(X[t]-Xd[t]) < epsi2)) and (((abs(Z[t]-Zd[t]) < epsi2)) and ((abs(Y[t]-Yd[t]) < epsi2)))))) and (alw (((Z[t] < al*Zd[t])) and (((X[t] < al*Xd[t])) and ((Y[t] < al*Yd[t])))))))

Eval objective function on 38 initial parameters.
#calls (max:  100)        time spent (max: 180)     [current  obj]     (current best) 
         1                        2.0               [-8.75424e-02]    (-8.75424e-02)

 ---- Best value -0.0875424 found with
        Xd_u0 = 4.1
        Yd_u0 = 0.4
        Zd_u0 = 2.1

Falsified with obj = -0.0875424
Elapsed time is 2262.779881 seconds.
time taken
------------------ITERATION
    15

----------------------------
falsify

(alw_[3,100] (((abs(Z[t+dt]-Z[t]) < epsi1)) and (((abs(X[t+dt]-X[t]) < epsi1)) and (((abs(Y[t+dt]-Y[t]) < epsi1)) and ((abs(Psi[t+dt]-Psi[t]) < epsi1)))))) and ((ev_[0,tau1] (((Z[t] > Zd[t]*bt)) and (((X[t] > Xd[t]*bt)) and ((Y[t] > Yd[t]*bt))))) and ((ev_[0,tau2] (alw (((abs(X[t]-Xd[t]) < epsi2)) and (((abs(Z[t]-Zd[t]) < epsi2)) and ((abs(Y[t]-Yd[t]) < epsi2)))))) and (alw (((Z[t] < al*Zd[t])) and (((X[t] < al*Xd[t])) and ((Y[t] < al*Yd[t])))))))

Eval objective function on 38 initial parameters.
#calls (max:  100)        time spent (max: 180)     [current  obj]     (current best) 
         1                        2.0               [-8.75424e-02]    (-8.75424e-02)

 ---- Best value -0.0875424 found with
        Xd_u0 = 4.1
        Yd_u0 = 0.4
        Zd_u0 = 2.1

Falsified with obj = -0.0875424
<a href="matlab: opentoline('/usr/local/MATLAB/R2020a/toolbox/matlab/graph2d/subplot.m',569,1)">569 </a>                    end
if system_dependent('IsDebugMode')==1, dbcont; end
falsify

(alw_[3,100] (((abs(Z[t+dt]-Z[t]) < epsi1)) and (((abs(X[t+dt]-X[t]) < epsi1)) and (((abs(Y[t+dt]-Y[t]) < epsi1)) and ((abs(Psi[t+dt]-Psi[t]) < epsi1)))))) and ((ev_[0,tau1] (((Z[t] > Zd[t]*bt)) and (((X[t] > Xd[t]*bt)) and ((Y[t] > Yd[t]*bt))))) and ((ev_[0,tau2] (alw (((abs(X[t]-Xd[t]) < epsi2)) and (((abs(Z[t]-Zd[t]) < epsi2)) and ((abs(Y[t]-Yd[t]) < epsi2)))))) and (alw (((Z[t] < al*Zd[t])) and (((X[t] < al*Xd[t])) and ((Y[t] < al*Yd[t])))))))

Eval objective function on 38 initial parameters.
#calls (max:  100)        time spent (max: 180)     [current  obj]     (current best) 
         1                        2.2               [-8.75424e-02]    (-8.75424e-02)

 ---- Best value -0.0875424 found with
        Xd_u0 = 4.1
        Yd_u0 = 0.4
        Zd_u0 = 2.1

Falsified with obj = -0.0875424
Elapsed time is 2476.978356 seconds.
time taken
------------------ITERATION
    16

----------------------------
falsify

(alw_[3,100] (((abs(Z[t+dt]-Z[t]) < epsi1)) and (((abs(X[t+dt]-X[t]) < epsi1)) and (((abs(Y[t+dt]-Y[t]) < epsi1)) and ((abs(Psi[t+dt]-Psi[t]) < epsi1)))))) and ((ev_[0,tau1] (((Z[t] > Zd[t]*bt)) and (((X[t] > Xd[t]*bt)) and ((Y[t] > Yd[t]*bt))))) and ((ev_[0,tau2] (alw (((abs(X[t]-Xd[t]) < epsi2)) and (((abs(Z[t]-Zd[t]) < epsi2)) and ((abs(Y[t]-Yd[t]) < epsi2)))))) and (alw (((Z[t] < al*Zd[t])) and (((X[t] < al*Xd[t])) and ((Y[t] < al*Yd[t])))))))

Eval objective function on 38 initial parameters.
#calls (max:  100)        time spent (max: 180)     [current  obj]     (current best) 
         1                        2.0               [-8.75424e-02]    (-8.75424e-02)

 ---- Best value -0.0875424 found with
        Xd_u0 = 4.1
        Yd_u0 = 0.4
        Zd_u0 = 2.1

Falsified with obj = -0.0875424
falsify

(alw_[3,100] (((abs(Z[t+dt]-Z[t]) < epsi1)) and (((abs(X[t+dt]-X[t]) < epsi1)) and (((abs(Y[t+dt]-Y[t]) < epsi1)) and ((abs(Psi[t+dt]-Psi[t]) < epsi1)))))) and ((ev_[0,tau1] (((Z[t] > Zd[t]*bt)) and (((X[t] > Xd[t]*bt)) and ((Y[t] > Yd[t]*bt))))) and ((ev_[0,tau2] (alw (((abs(X[t]-Xd[t]) < epsi2)) and (((abs(Z[t]-Zd[t]) < epsi2)) and ((abs(Y[t]-Yd[t]) < epsi2)))))) and (alw (((Z[t] < al*Zd[t])) and (((X[t] < al*Xd[t])) and ((Y[t] < al*Yd[t])))))))

Eval objective function on 38 initial parameters.
#calls (max:  100)        time spent (max: 180)     [current  obj]     (current best) 
         1                        2.4               [-8.75424e-02]    (-8.75424e-02)

 ---- Best value -0.0875424 found with
        Xd_u0 = 4.1
        Yd_u0 = 0.4
        Zd_u0 = 2.1

Falsified with obj = -0.0875424
Elapsed time is 2657.796885 seconds.
time taken
------------------ITERATION
    17

----------------------------
falsify

(alw_[3,100] (((abs(Z[t+dt]-Z[t]) < epsi1)) and (((abs(X[t+dt]-X[t]) < epsi1)) and (((abs(Y[t+dt]-Y[t]) < epsi1)) and ((abs(Psi[t+dt]-Psi[t]) < epsi1)))))) and ((ev_[0,tau1] (((Z[t] > Zd[t]*bt)) and (((X[t] > Xd[t]*bt)) and ((Y[t] > Yd[t]*bt))))) and ((ev_[0,tau2] (alw (((abs(X[t]-Xd[t]) < epsi2)) and (((abs(Z[t]-Zd[t]) < epsi2)) and ((abs(Y[t]-Yd[t]) < epsi2)))))) and (alw (((Z[t] < al*Zd[t])) and (((X[t] < al*Xd[t])) and ((Y[t] < al*Yd[t])))))))

Eval objective function on 38 initial parameters.
#calls (max:  100)        time spent (max: 180)     [current  obj]     (current best) 
         1                        2.8               [-8.75424e-02]    (-8.75424e-02)

 ---- Best value -0.0875424 found with
        Xd_u0 = 4.1
        Yd_u0 = 0.4
        Zd_u0 = 2.1

Falsified with obj = -0.0875424
falsify

(alw_[3,100] (((abs(Z[t+dt]-Z[t]) < epsi1)) and (((abs(X[t+dt]-X[t]) < epsi1)) and (((abs(Y[t+dt]-Y[t]) < epsi1)) and ((abs(Psi[t+dt]-Psi[t]) < epsi1)))))) and ((ev_[0,tau1] (((Z[t] > Zd[t]*bt)) and (((X[t] > Xd[t]*bt)) and ((Y[t] > Yd[t]*bt))))) and ((ev_[0,tau2] (alw (((abs(X[t]-Xd[t]) < epsi2)) and (((abs(Z[t]-Zd[t]) < epsi2)) and ((abs(Y[t]-Yd[t]) < epsi2)))))) and (alw (((Z[t] < al*Zd[t])) and (((X[t] < al*Xd[t])) and ((Y[t] < al*Yd[t])))))))

Eval objective function on 38 initial parameters.
#calls (max:  100)        time spent (max: 180)     [current  obj]     (current best) 
         1                        3.6               [-8.75424e-02]    (-8.75424e-02)

 ---- Best value -0.0875424 found with
        Xd_u0 = 4.1
        Yd_u0 = 0.4
        Zd_u0 = 2.1

Falsified with obj = -0.0875424
Elapsed time is 2870.390696 seconds.
time taken
------------------ITERATION
    18

----------------------------
falsify

(alw_[3,100] (((abs(Z[t+dt]-Z[t]) < epsi1)) and (((abs(X[t+dt]-X[t]) < epsi1)) and (((abs(Y[t+dt]-Y[t]) < epsi1)) and ((abs(Psi[t+dt]-Psi[t]) < epsi1)))))) and ((ev_[0,tau1] (((Z[t] > Zd[t]*bt)) and (((X[t] > Xd[t]*bt)) and ((Y[t] > Yd[t]*bt))))) and ((ev_[0,tau2] (alw (((abs(X[t]-Xd[t]) < epsi2)) and (((abs(Z[t]-Zd[t]) < epsi2)) and ((abs(Y[t]-Yd[t]) < epsi2)))))) and (alw (((Z[t] < al*Zd[t])) and (((X[t] < al*Xd[t])) and ((Y[t] < al*Yd[t])))))))

Eval objective function on 38 initial parameters.
#calls (max:  100)        time spent (max: 180)     [current  obj]     (current best) 
         1                        2.0               [-8.75424e-02]    (-8.75424e-02)

 ---- Best value -0.0875424 found with
        Xd_u0 = 4.1
        Yd_u0 = 0.4
        Zd_u0 = 2.1

Falsified with obj = -0.0875424
falsify

(alw_[3,100] (((abs(Z[t+dt]-Z[t]) < epsi1)) and (((abs(X[t+dt]-X[t]) < epsi1)) and (((abs(Y[t+dt]-Y[t]) < epsi1)) and ((abs(Psi[t+dt]-Psi[t]) < epsi1)))))) and ((ev_[0,tau1] (((Z[t] > Zd[t]*bt)) and (((X[t] > Xd[t]*bt)) and ((Y[t] > Yd[t]*bt))))) and ((ev_[0,tau2] (alw (((abs(X[t]-Xd[t]) < epsi2)) and (((abs(Z[t]-Zd[t]) < epsi2)) and ((abs(Y[t]-Yd[t]) < epsi2)))))) and (alw (((Z[t] < al*Zd[t])) and (((X[t] < al*Xd[t])) and ((Y[t] < al*Yd[t])))))))

Eval objective function on 38 initial parameters.
#calls (max:  100)        time spent (max: 180)     [current  obj]     (current best) 
         1                        2.1               [-8.75424e-02]    (-8.75424e-02)

 ---- Best value -0.0875424 found with
        Xd_u0 = 4.1
        Yd_u0 = 0.4
        Zd_u0 = 2.1

Falsified with obj = -0.0875424
Elapsed time is 3048.933146 seconds.
time taken
------------------ITERATION
    19

----------------------------
falsify

(alw_[3,100] (((abs(Z[t+dt]-Z[t]) < epsi1)) and (((abs(X[t+dt]-X[t]) < epsi1)) and (((abs(Y[t+dt]-Y[t]) < epsi1)) and ((abs(Psi[t+dt]-Psi[t]) < epsi1)))))) and ((ev_[0,tau1] (((Z[t] > Zd[t]*bt)) and (((X[t] > Xd[t]*bt)) and ((Y[t] > Yd[t]*bt))))) and ((ev_[0,tau2] (alw (((abs(X[t]-Xd[t]) < epsi2)) and (((abs(Z[t]-Zd[t]) < epsi2)) and ((abs(Y[t]-Yd[t]) < epsi2)))))) and (alw (((Z[t] < al*Zd[t])) and (((X[t] < al*Xd[t])) and ((Y[t] < al*Yd[t])))))))

Eval objective function on 38 initial parameters.
#calls (max:  100)        time spent (max: 180)     [current  obj]     (current best) 
         1                        2.6               [-8.75424e-02]    (-8.75424e-02)

 ---- Best value -0.0875424 found with
        Xd_u0 = 4.1
        Yd_u0 = 0.4
        Zd_u0 = 2.1

Falsified with obj = -0.0875424
falsify

(alw_[3,100] (((abs(Z[t+dt]-Z[t]) < epsi1)) and (((abs(X[t+dt]-X[t]) < epsi1)) and (((abs(Y[t+dt]-Y[t]) < epsi1)) and ((abs(Psi[t+dt]-Psi[t]) < epsi1)))))) and ((ev_[0,tau1] (((Z[t] > Zd[t]*bt)) and (((X[t] > Xd[t]*bt)) and ((Y[t] > Yd[t]*bt))))) and ((ev_[0,tau2] (alw (((abs(X[t]-Xd[t]) < epsi2)) and (((abs(Z[t]-Zd[t]) < epsi2)) and ((abs(Y[t]-Yd[t]) < epsi2)))))) and (alw (((Z[t] < al*Zd[t])) and (((X[t] < al*Xd[t])) and ((Y[t] < al*Yd[t])))))))

Eval objective function on 38 initial parameters.
#calls (max:  100)        time spent (max: 180)     [current  obj]     (current best) 
         1                        2.3               [-8.75424e-02]    (-8.75424e-02)

 ---- Best value -0.0875424 found with
        Xd_u0 = 4.1
        Yd_u0 = 0.4
        Zd_u0 = 2.1

Falsified with obj = -0.0875424
Elapsed time is 3228.045038 seconds.
time taken
------------------ITERATION
    20

----------------------------
falsify

(alw_[3,100] (((abs(Z[t+dt]-Z[t]) < epsi1)) and (((abs(X[t+dt]-X[t]) < epsi1)) and (((abs(Y[t+dt]-Y[t]) < epsi1)) and ((abs(Psi[t+dt]-Psi[t]) < epsi1)))))) and ((ev_[0,tau1] (((Z[t] > Zd[t]*bt)) and (((X[t] > Xd[t]*bt)) and ((Y[t] > Yd[t]*bt))))) and ((ev_[0,tau2] (alw (((abs(X[t]-Xd[t]) < epsi2)) and (((abs(Z[t]-Zd[t]) < epsi2)) and ((abs(Y[t]-Yd[t]) < epsi2)))))) and (alw (((Z[t] < al*Zd[t])) and (((X[t] < al*Xd[t])) and ((Y[t] < al*Yd[t])))))))

Eval objective function on 38 initial parameters.
#calls (max:  100)        time spent (max: 180)     [current  obj]     (current best) 
         1                        2.1               [-8.75424e-02]    (-8.75424e-02)

 ---- Best value -0.0875424 found with
        Xd_u0 = 4.1
        Yd_u0 = 0.4
        Zd_u0 = 2.1

Falsified with obj = -0.0875424
falsify

(alw_[3,100] (((abs(Z[t+dt]-Z[t]) < epsi1)) and (((abs(X[t+dt]-X[t]) < epsi1)) and (((abs(Y[t+dt]-Y[t]) < epsi1)) and ((abs(Psi[t+dt]-Psi[t]) < epsi1)))))) and ((ev_[0,tau1] (((Z[t] > Zd[t]*bt)) and (((X[t] > Xd[t]*bt)) and ((Y[t] > Yd[t]*bt))))) and ((ev_[0,tau2] (alw (((abs(X[t]-Xd[t]) < epsi2)) and (((abs(Z[t]-Zd[t]) < epsi2)) and ((abs(Y[t]-Yd[t]) < epsi2)))))) and (alw (((Z[t] < al*Zd[t])) and (((X[t] < al*Xd[t])) and ((Y[t] < al*Yd[t])))))))

Eval objective function on 38 initial parameters.
#calls (max:  100)        time spent (max: 180)     [current  obj]     (current best) 
         1                        2.1               [-8.75424e-02]    (-8.75424e-02)

 ---- Best value -0.0875424 found with
        Xd_u0 = 4.1
        Yd_u0 = 0.4
        Zd_u0 = 2.1

Falsified with obj = -0.0875424
Elapsed time is 3395.037875 seconds.
time taken
------------------ITERATION
    21

----------------------------
falsify

(alw_[3,100] (((abs(Z[t+dt]-Z[t]) < epsi1)) and (((abs(X[t+dt]-X[t]) < epsi1)) and (((abs(Y[t+dt]-Y[t]) < epsi1)) and ((abs(Psi[t+dt]-Psi[t]) < epsi1)))))) and ((ev_[0,tau1] (((Z[t] > Zd[t]*bt)) and (((X[t] > Xd[t]*bt)) and ((Y[t] > Yd[t]*bt))))) and ((ev_[0,tau2] (alw (((abs(X[t]-Xd[t]) < epsi2)) and (((abs(Z[t]-Zd[t]) < epsi2)) and ((abs(Y[t]-Yd[t]) < epsi2)))))) and (alw (((Z[t] < al*Zd[t])) and (((X[t] < al*Xd[t])) and ((Y[t] < al*Yd[t])))))))

Eval objective function on 38 initial parameters.
#calls (max:  100)        time spent (max: 180)     [current  obj]     (current best) 
         1                        2.2               [-8.75424e-02]    (-8.75424e-02)

 ---- Best value -0.0875424 found with
        Xd_u0 = 4.1
        Yd_u0 = 0.4
        Zd_u0 = 2.1

Falsified with obj = -0.0875424
falsify

(alw_[3,100] (((abs(Z[t+dt]-Z[t]) < epsi1)) and (((abs(X[t+dt]-X[t]) < epsi1)) and (((abs(Y[t+dt]-Y[t]) < epsi1)) and ((abs(Psi[t+dt]-Psi[t]) < epsi1)))))) and ((ev_[0,tau1] (((Z[t] > Zd[t]*bt)) and (((X[t] > Xd[t]*bt)) and ((Y[t] > Yd[t]*bt))))) and ((ev_[0,tau2] (alw (((abs(X[t]-Xd[t]) < epsi2)) and (((abs(Z[t]-Zd[t]) < epsi2)) and ((abs(Y[t]-Yd[t]) < epsi2)))))) and (alw (((Z[t] < al*Zd[t])) and (((X[t] < al*Xd[t])) and ((Y[t] < al*Yd[t])))))))

Eval objective function on 38 initial parameters.
#calls (max:  100)        time spent (max: 180)     [current  obj]     (current best) 
         1                        2.1               [-8.75424e-02]    (-8.75424e-02)

 ---- Best value -0.0875424 found with
        Xd_u0 = 4.1
        Yd_u0 = 0.4
        Zd_u0 = 2.1

Falsified with obj = -0.0875424
Elapsed time is 3563.751471 seconds.
time taken
------------------ITERATION
    22

----------------------------
falsify

(alw_[3,100] (((abs(Z[t+dt]-Z[t]) < epsi1)) and (((abs(X[t+dt]-X[t]) < epsi1)) and (((abs(Y[t+dt]-Y[t]) < epsi1)) and ((abs(Psi[t+dt]-Psi[t]) < epsi1)))))) and ((ev_[0,tau1] (((Z[t] > Zd[t]*bt)) and (((X[t] > Xd[t]*bt)) and ((Y[t] > Yd[t]*bt))))) and ((ev_[0,tau2] (alw (((abs(X[t]-Xd[t]) < epsi2)) and (((abs(Z[t]-Zd[t]) < epsi2)) and ((abs(Y[t]-Yd[t]) < epsi2)))))) and (alw (((Z[t] < al*Zd[t])) and (((X[t] < al*Xd[t])) and ((Y[t] < al*Yd[t])))))))

Eval objective function on 38 initial parameters.
#calls (max:  100)        time spent (max: 180)     [current  obj]     (current best) 
         1                        2.0               [-8.75424e-02]    (-8.75424e-02)

 ---- Best value -0.0875424 found with
        Xd_u0 = 4.1
        Yd_u0 = 0.4
        Zd_u0 = 2.1

Falsified with obj = -0.0875424
falsify

(alw_[3,100] (((abs(Z[t+dt]-Z[t]) < epsi1)) and (((abs(X[t+dt]-X[t]) < epsi1)) and (((abs(Y[t+dt]-Y[t]) < epsi1)) and ((abs(Psi[t+dt]-Psi[t]) < epsi1)))))) and ((ev_[0,tau1] (((Z[t] > Zd[t]*bt)) and (((X[t] > Xd[t]*bt)) and ((Y[t] > Yd[t]*bt))))) and ((ev_[0,tau2] (alw (((abs(X[t]-Xd[t]) < epsi2)) and (((abs(Z[t]-Zd[t]) < epsi2)) and ((abs(Y[t]-Yd[t]) < epsi2)))))) and (alw (((Z[t] < al*Zd[t])) and (((X[t] < al*Xd[t])) and ((Y[t] < al*Yd[t])))))))

Eval objective function on 38 initial parameters.
#calls (max:  100)        time spent (max: 180)     [current  obj]     (current best) 
         1                        2.1               [-8.75424e-02]    (-8.75424e-02)

 ---- Best value -0.0875424 found with
        Xd_u0 = 4.1
        Yd_u0 = 0.4
        Zd_u0 = 2.1

Falsified with obj = -0.0875424
Elapsed time is 3735.729919 seconds.
time taken
------------------ITERATION
    23

----------------------------
falsify

(alw_[3,100] (((abs(Z[t+dt]-Z[t]) < epsi1)) and (((abs(X[t+dt]-X[t]) < epsi1)) and (((abs(Y[t+dt]-Y[t]) < epsi1)) and ((abs(Psi[t+dt]-Psi[t]) < epsi1)))))) and ((ev_[0,tau1] (((Z[t] > Zd[t]*bt)) and (((X[t] > Xd[t]*bt)) and ((Y[t] > Yd[t]*bt))))) and ((ev_[0,tau2] (alw (((abs(X[t]-Xd[t]) < epsi2)) and (((abs(Z[t]-Zd[t]) < epsi2)) and ((abs(Y[t]-Yd[t]) < epsi2)))))) and (alw (((Z[t] < al*Zd[t])) and (((X[t] < al*Xd[t])) and ((Y[t] < al*Yd[t])))))))

Eval objective function on 38 initial parameters.
#calls (max:  100)        time spent (max: 180)     [current  obj]     (current best) 
         1                        2.0               [-8.75424e-02]    (-8.75424e-02)

 ---- Best value -0.0875424 found with
        Xd_u0 = 4.1
        Yd_u0 = 0.4
        Zd_u0 = 2.1

Falsified with obj = -0.0875424
<a href="matlab: opentoline('/usr/local/MATLAB/R2020a/toolbox/matlab/ops/setdiff.m',74,1)">74  </a>if nargout == 0
if system_dependent('IsDebugMode')==1, dbcont; end
falsify

(alw_[3,100] (((abs(Z[t+dt]-Z[t]) < epsi1)) and (((abs(X[t+dt]-X[t]) < epsi1)) and (((abs(Y[t+dt]-Y[t]) < epsi1)) and ((abs(Psi[t+dt]-Psi[t]) < epsi1)))))) and ((ev_[0,tau1] (((Z[t] > Zd[t]*bt)) and (((X[t] > Xd[t]*bt)) and ((Y[t] > Yd[t]*bt))))) and ((ev_[0,tau2] (alw (((abs(X[t]-Xd[t]) < epsi2)) and (((abs(Z[t]-Zd[t]) < epsi2)) and ((abs(Y[t]-Yd[t]) < epsi2)))))) and (alw (((Z[t] < al*Zd[t])) and (((X[t] < al*Xd[t])) and ((Y[t] < al*Yd[t])))))))

Eval objective function on 38 initial parameters.
#calls (max:  100)        time spent (max: 180)     [current  obj]     (current best) 
         1                        1.9               [-8.75424e-02]    (-8.75424e-02)

 ---- Best value -0.0875424 found with
        Xd_u0 = 4.1
        Yd_u0 = 0.4
        Zd_u0 = 2.1

Falsified with obj = -0.0875424
Elapsed time is 3966.722396 seconds.
time taken
------------------ITERATION
    24

----------------------------
falsify

(alw_[3,100] (((abs(Z[t+dt]-Z[t]) < epsi1)) and (((abs(X[t+dt]-X[t]) < epsi1)) and (((abs(Y[t+dt]-Y[t]) < epsi1)) and ((abs(Psi[t+dt]-Psi[t]) < epsi1)))))) and ((ev_[0,tau1] (((Z[t] > Zd[t]*bt)) and (((X[t] > Xd[t]*bt)) and ((Y[t] > Yd[t]*bt))))) and ((ev_[0,tau2] (alw (((abs(X[t]-Xd[t]) < epsi2)) and (((abs(Z[t]-Zd[t]) < epsi2)) and ((abs(Y[t]-Yd[t]) < epsi2)))))) and (alw (((Z[t] < al*Zd[t])) and (((X[t] < al*Xd[t])) and ((Y[t] < al*Yd[t])))))))

Eval objective function on 38 initial parameters.
#calls (max:  100)        time spent (max: 180)     [current  obj]     (current best) 
         1                        1.9               [-8.75424e-02]    (-8.75424e-02)

 ---- Best value -0.0875424 found with
        Xd_u0 = 4.1
        Yd_u0 = 0.4
        Zd_u0 = 2.1

Falsified with obj = -0.0875424
falsify

(alw_[3,100] (((abs(Z[t+dt]-Z[t]) < epsi1)) and (((abs(X[t+dt]-X[t]) < epsi1)) and (((abs(Y[t+dt]-Y[t]) < epsi1)) and ((abs(Psi[t+dt]-Psi[t]) < epsi1)))))) and ((ev_[0,tau1] (((Z[t] > Zd[t]*bt)) and (((X[t] > Xd[t]*bt)) and ((Y[t] > Yd[t]*bt))))) and ((ev_[0,tau2] (alw (((abs(X[t]-Xd[t]) < epsi2)) and (((abs(Z[t]-Zd[t]) < epsi2)) and ((abs(Y[t]-Yd[t]) < epsi2)))))) and (alw (((Z[t] < al*Zd[t])) and (((X[t] < al*Xd[t])) and ((Y[t] < al*Yd[t])))))))

Eval objective function on 38 initial parameters.
#calls (max:  100)        time spent (max: 180)     [current  obj]     (current best) 
         1                        2.0               [-8.75424e-02]    (-8.75424e-02)

 ---- Best value -0.0875424 found with
        Xd_u0 = 4.1
        Yd_u0 = 0.4
        Zd_u0 = 2.1

Falsified with obj = -0.0875424
Elapsed time is 4142.818820 seconds.
time taken
------------------ITERATION
    25

----------------------------
falsify

(alw_[3,100] (((abs(Z[t+dt]-Z[t]) < epsi1)) and (((abs(X[t+dt]-X[t]) < epsi1)) and (((abs(Y[t+dt]-Y[t]) < epsi1)) and ((abs(Psi[t+dt]-Psi[t]) < epsi1)))))) and ((ev_[0,tau1] (((Z[t] > Zd[t]*bt)) and (((X[t] > Xd[t]*bt)) and ((Y[t] > Yd[t]*bt))))) and ((ev_[0,tau2] (alw (((abs(X[t]-Xd[t]) < epsi2)) and (((abs(Z[t]-Zd[t]) < epsi2)) and ((abs(Y[t]-Yd[t]) < epsi2)))))) and (alw (((Z[t] < al*Zd[t])) and (((X[t] < al*Xd[t])) and ((Y[t] < al*Yd[t])))))))

Eval objective function on 38 initial parameters.
#calls (max:  100)        time spent (max: 180)     [current  obj]     (current best) 
         1                        2.1               [-8.75424e-02]    (-8.75424e-02)

 ---- Best value -0.0875424 found with
        Xd_u0 = 4.1
        Yd_u0 = 0.4
        Zd_u0 = 2.1

Falsified with obj = -0.0875424
falsify

(alw_[3,100] (((abs(Z[t+dt]-Z[t]) < epsi1)) and (((abs(X[t+dt]-X[t]) < epsi1)) and (((abs(Y[t+dt]-Y[t]) < epsi1)) and ((abs(Psi[t+dt]-Psi[t]) < epsi1)))))) and ((ev_[0,tau1] (((Z[t] > Zd[t]*bt)) and (((X[t] > Xd[t]*bt)) and ((Y[t] > Yd[t]*bt))))) and ((ev_[0,tau2] (alw (((abs(X[t]-Xd[t]) < epsi2)) and (((abs(Z[t]-Zd[t]) < epsi2)) and ((abs(Y[t]-Yd[t]) < epsi2)))))) and (alw (((Z[t] < al*Zd[t])) and (((X[t] < al*Xd[t])) and ((Y[t] < al*Yd[t])))))))

Eval objective function on 38 initial parameters.
#calls (max:  100)        time spent (max: 180)     [current  obj]     (current best) 
         1                        2.3               [-8.75424e-02]    (-8.75424e-02)

 ---- Best value -0.0875424 found with
        Xd_u0 = 4.1
        Yd_u0 = 0.4
        Zd_u0 = 2.1

Falsified with obj = -0.0875424
Elapsed time is 4354.692793 seconds.
time taken
------------------ITERATION
    26

----------------------------
falsify

(alw_[3,100] (((abs(Z[t+dt]-Z[t]) < epsi1)) and (((abs(X[t+dt]-X[t]) < epsi1)) and (((abs(Y[t+dt]-Y[t]) < epsi1)) and ((abs(Psi[t+dt]-Psi[t]) < epsi1)))))) and ((ev_[0,tau1] (((Z[t] > Zd[t]*bt)) and (((X[t] > Xd[t]*bt)) and ((Y[t] > Yd[t]*bt))))) and ((ev_[0,tau2] (alw (((abs(X[t]-Xd[t]) < epsi2)) and (((abs(Z[t]-Zd[t]) < epsi2)) and ((abs(Y[t]-Yd[t]) < epsi2)))))) and (alw (((Z[t] < al*Zd[t])) and (((X[t] < al*Xd[t])) and ((Y[t] < al*Yd[t])))))))

Eval objective function on 38 initial parameters.
#calls (max:  100)        time spent (max: 180)     [current  obj]     (current best) 
         1                        2.3               [-8.75424e-02]    (-8.75424e-02)

 ---- Best value -0.0875424 found with
        Xd_u0 = 4.1
        Yd_u0 = 0.4
        Zd_u0 = 2.1

Falsified with obj = -0.0875424
falsify

(alw_[3,100] (((abs(Z[t+dt]-Z[t]) < epsi1)) and (((abs(X[t+dt]-X[t]) < epsi1)) and (((abs(Y[t+dt]-Y[t]) < epsi1)) and ((abs(Psi[t+dt]-Psi[t]) < epsi1)))))) and ((ev_[0,tau1] (((Z[t] > Zd[t]*bt)) and (((X[t] > Xd[t]*bt)) and ((Y[t] > Yd[t]*bt))))) and ((ev_[0,tau2] (alw (((abs(X[t]-Xd[t]) < epsi2)) and (((abs(Z[t]-Zd[t]) < epsi2)) and ((abs(Y[t]-Yd[t]) < epsi2)))))) and (alw (((Z[t] < al*Zd[t])) and (((X[t] < al*Xd[t])) and ((Y[t] < al*Yd[t])))))))

Eval objective function on 38 initial parameters.
#calls (max:  100)        time spent (max: 180)     [current  obj]     (current best) 
         1                        2.1               [-8.75424e-02]    (-8.75424e-02)

 ---- Best value -0.0875424 found with
        Xd_u0 = 4.1
        Yd_u0 = 0.4
        Zd_u0 = 2.1

Falsified with obj = -0.0875424
Elapsed time is 4549.360711 seconds.
time taken
------------------ITERATION
    27

----------------------------
falsify

(alw_[3,100] (((abs(Z[t+dt]-Z[t]) < epsi1)) and (((abs(X[t+dt]-X[t]) < epsi1)) and (((abs(Y[t+dt]-Y[t]) < epsi1)) and ((abs(Psi[t+dt]-Psi[t]) < epsi1)))))) and ((ev_[0,tau1] (((Z[t] > Zd[t]*bt)) and (((X[t] > Xd[t]*bt)) and ((Y[t] > Yd[t]*bt))))) and ((ev_[0,tau2] (alw (((abs(X[t]-Xd[t]) < epsi2)) and (((abs(Z[t]-Zd[t]) < epsi2)) and ((abs(Y[t]-Yd[t]) < epsi2)))))) and (alw (((Z[t] < al*Zd[t])) and (((X[t] < al*Xd[t])) and ((Y[t] < al*Yd[t])))))))

Eval objective function on 38 initial parameters.
#calls (max:  100)        time spent (max: 180)     [current  obj]     (current best) 
         1                        2.1               [-8.75424e-02]    (-8.75424e-02)

 ---- Best value -0.0875424 found with
        Xd_u0 = 4.1
        Yd_u0 = 0.4
        Zd_u0 = 2.1

Falsified with obj = -0.0875424
falsify

(alw_[3,100] (((abs(Z[t+dt]-Z[t]) < epsi1)) and (((abs(X[t+dt]-X[t]) < epsi1)) and (((abs(Y[t+dt]-Y[t]) < epsi1)) and ((abs(Psi[t+dt]-Psi[t]) < epsi1)))))) and ((ev_[0,tau1] (((Z[t] > Zd[t]*bt)) and (((X[t] > Xd[t]*bt)) and ((Y[t] > Yd[t]*bt))))) and ((ev_[0,tau2] (alw (((abs(X[t]-Xd[t]) < epsi2)) and (((abs(Z[t]-Zd[t]) < epsi2)) and ((abs(Y[t]-Yd[t]) < epsi2)))))) and (alw (((Z[t] < al*Zd[t])) and (((X[t] < al*Xd[t])) and ((Y[t] < al*Yd[t])))))))

Eval objective function on 38 initial parameters.
#calls (max:  100)        time spent (max: 180)     [current  obj]     (current best) 
         1                        2.6               [-8.75424e-02]    (-8.75424e-02)

 ---- Best value -0.0875424 found with
        Xd_u0 = 4.1
        Yd_u0 = 0.4
        Zd_u0 = 2.1

Falsified with obj = -0.0875424
Elapsed time is 4749.872956 seconds.
time taken
------------------ITERATION
    28

----------------------------
falsify

(alw_[3,100] (((abs(Z[t+dt]-Z[t]) < epsi1)) and (((abs(X[t+dt]-X[t]) < epsi1)) and (((abs(Y[t+dt]-Y[t]) < epsi1)) and ((abs(Psi[t+dt]-Psi[t]) < epsi1)))))) and ((ev_[0,tau1] (((Z[t] > Zd[t]*bt)) and (((X[t] > Xd[t]*bt)) and ((Y[t] > Yd[t]*bt))))) and ((ev_[0,tau2] (alw (((abs(X[t]-Xd[t]) < epsi2)) and (((abs(Z[t]-Zd[t]) < epsi2)) and ((abs(Y[t]-Yd[t]) < epsi2)))))) and (alw (((Z[t] < al*Zd[t])) and (((X[t] < al*Xd[t])) and ((Y[t] < al*Yd[t])))))))

Eval objective function on 38 initial parameters.
#calls (max:  100)        time spent (max: 180)     [current  obj]     (current best) 
         1                        5.8               [-8.75424e-02]    (-8.75424e-02)

 ---- Best value -0.0875424 found with
        Xd_u0 = 4.1
        Yd_u0 = 0.4
        Zd_u0 = 2.1

Falsified with obj = -0.0875424
falsify

(alw_[3,100] (((abs(Z[t+dt]-Z[t]) < epsi1)) and (((abs(X[t+dt]-X[t]) < epsi1)) and (((abs(Y[t+dt]-Y[t]) < epsi1)) and ((abs(Psi[t+dt]-Psi[t]) < epsi1)))))) and ((ev_[0,tau1] (((Z[t] > Zd[t]*bt)) and (((X[t] > Xd[t]*bt)) and ((Y[t] > Yd[t]*bt))))) and ((ev_[0,tau2] (alw (((abs(X[t]-Xd[t]) < epsi2)) and (((abs(Z[t]-Zd[t]) < epsi2)) and ((abs(Y[t]-Yd[t]) < epsi2)))))) and (alw (((Z[t] < al*Zd[t])) and (((X[t] < al*Xd[t])) and ((Y[t] < al*Yd[t])))))))

Eval objective function on 38 initial parameters.
#calls (max:  100)        time spent (max: 180)     [current  obj]     (current best) 
         1                        5.1               [-8.75424e-02]    (-8.75424e-02)

 ---- Best value -0.0875424 found with
        Xd_u0 = 4.1
        Yd_u0 = 0.4
        Zd_u0 = 2.1

Falsified with obj = -0.0875424
Elapsed time is 5174.412149 seconds.
time taken
------------------ITERATION
    29

----------------------------
falsify

(alw_[3,100] (((abs(Z[t+dt]-Z[t]) < epsi1)) and (((abs(X[t+dt]-X[t]) < epsi1)) and (((abs(Y[t+dt]-Y[t]) < epsi1)) and ((abs(Psi[t+dt]-Psi[t]) < epsi1)))))) and ((ev_[0,tau1] (((Z[t] > Zd[t]*bt)) and (((X[t] > Xd[t]*bt)) and ((Y[t] > Yd[t]*bt))))) and ((ev_[0,tau2] (alw (((abs(X[t]-Xd[t]) < epsi2)) and (((abs(Z[t]-Zd[t]) < epsi2)) and ((abs(Y[t]-Yd[t]) < epsi2)))))) and (alw (((Z[t] < al*Zd[t])) and (((X[t] < al*Xd[t])) and ((Y[t] < al*Yd[t])))))))

Eval objective function on 38 initial parameters.
#calls (max:  100)        time spent (max: 180)     [current  obj]     (current best) 
         1                        2.5               [-8.75424e-02]    (-8.75424e-02)

 ---- Best value -0.0875424 found with
        Xd_u0 = 4.1
        Yd_u0 = 0.4
        Zd_u0 = 2.1

Falsified with obj = -0.0875424
falsify

(alw_[3,100] (((abs(Z[t+dt]-Z[t]) < epsi1)) and (((abs(X[t+dt]-X[t]) < epsi1)) and (((abs(Y[t+dt]-Y[t]) < epsi1)) and ((abs(Psi[t+dt]-Psi[t]) < epsi1)))))) and ((ev_[0,tau1] (((Z[t] > Zd[t]*bt)) and (((X[t] > Xd[t]*bt)) and ((Y[t] > Yd[t]*bt))))) and ((ev_[0,tau2] (alw (((abs(X[t]-Xd[t]) < epsi2)) and (((abs(Z[t]-Zd[t]) < epsi2)) and ((abs(Y[t]-Yd[t]) < epsi2)))))) and (alw (((Z[t] < al*Zd[t])) and (((X[t] < al*Xd[t])) and ((Y[t] < al*Yd[t])))))))

Eval objective function on 38 initial parameters.
#calls (max:  100)        time spent (max: 180)     [current  obj]     (current best) 
         1                        2.6               [-8.75424e-02]    (-8.75424e-02)

 ---- Best value -0.0875424 found with
        Xd_u0 = 4.1
        Yd_u0 = 0.4
        Zd_u0 = 2.1

Falsified with obj = -0.0875424
Elapsed time is 5905.481138 seconds.
time taken
------------------ITERATION
    30

----------------------------
falsify

(alw_[3,100] (((abs(Z[t+dt]-Z[t]) < epsi1)) and (((abs(X[t+dt]-X[t]) < epsi1)) and (((abs(Y[t+dt]-Y[t]) < epsi1)) and ((abs(Psi[t+dt]-Psi[t]) < epsi1)))))) and ((ev_[0,tau1] (((Z[t] > Zd[t]*bt)) and (((X[t] > Xd[t]*bt)) and ((Y[t] > Yd[t]*bt))))) and ((ev_[0,tau2] (alw (((abs(X[t]-Xd[t]) < epsi2)) and (((abs(Z[t]-Zd[t]) < epsi2)) and ((abs(Y[t]-Yd[t]) < epsi2)))))) and (alw (((Z[t] < al*Zd[t])) and (((X[t] < al*Xd[t])) and ((Y[t] < al*Yd[t])))))))

Eval objective function on 38 initial parameters.
#calls (max:  100)        time spent (max: 180)     [current  obj]     (current best) 
         1                        7.9               [-8.75424e-02]    (-8.75424e-02)

 ---- Best value -0.0875424 found with
        Xd_u0 = 4.1
        Yd_u0 = 0.4
        Zd_u0 = 2.1

Falsified with obj = -0.0875424
falsify

(alw_[3,100] (((abs(Z[t+dt]-Z[t]) < epsi1)) and (((abs(X[t+dt]-X[t]) < epsi1)) and (((abs(Y[t+dt]-Y[t]) < epsi1)) and ((abs(Psi[t+dt]-Psi[t]) < epsi1)))))) and ((ev_[0,tau1] (((Z[t] > Zd[t]*bt)) and (((X[t] > Xd[t]*bt)) and ((Y[t] > Yd[t]*bt))))) and ((ev_[0,tau2] (alw (((abs(X[t]-Xd[t]) < epsi2)) and (((abs(Z[t]-Zd[t]) < epsi2)) and ((abs(Y[t]-Yd[t]) < epsi2)))))) and (alw (((Z[t] < al*Zd[t])) and (((X[t] < al*Xd[t])) and ((Y[t] < al*Yd[t])))))))

Eval objective function on 38 initial parameters.
#calls (max:  100)        time spent (max: 180)     [current  obj]     (current best) 
         1                       38.3               [-8.75424e-02]    (-8.75424e-02)

 ---- Best value -0.0875424 found with
        Xd_u0 = 4.1
        Yd_u0 = 0.4
        Zd_u0 = 2.1

Falsified with obj = -0.0875424
Elapsed time is 7114.786964 seconds.
time taken
------------------ITERATION
    31

----------------------------
falsify

(alw_[3,100] (((abs(Z[t+dt]-Z[t]) < epsi1)) and (((abs(X[t+dt]-X[t]) < epsi1)) and (((abs(Y[t+dt]-Y[t]) < epsi1)) and ((abs(Psi[t+dt]-Psi[t]) < epsi1)))))) and ((ev_[0,tau1] (((Z[t] > Zd[t]*bt)) and (((X[t] > Xd[t]*bt)) and ((Y[t] > Yd[t]*bt))))) and ((ev_[0,tau2] (alw (((abs(X[t]-Xd[t]) < epsi2)) and (((abs(Z[t]-Zd[t]) < epsi2)) and ((abs(Y[t]-Yd[t]) < epsi2)))))) and (alw (((Z[t] < al*Zd[t])) and (((X[t] < al*Xd[t])) and ((Y[t] < al*Yd[t])))))))

Eval objective function on 38 initial parameters.
#calls (max:  100)        time spent (max: 180)     [current  obj]     (current best) 
         1                      213.7               [-8.75424e-02]    (-8.75424e-02)

 Stopped after max_time was reached.

 ---- Best value -0.0875424 found with
        Xd_u0 = 4.1
        Yd_u0 = 0.4
        Zd_u0 = 2.1

Falsified with obj = -0.0875424
