
(alw_[2,20] (((abs(az[t+dt]-az[t]) < epsi1)))) and ((ev_[0,tau1] ((az[t] > az_ref[t]*bt))) and ((ev_[0,tau2] (alw (((abs(az[t]-az_ref[t]) < epsi2) )))) and (alw (not ((((az[t+dt2]-az[t])*10 > m)) and (ev_[0,tau3] (((az[t+dt2]-az[t])*10 < -1*m))))))))

Eval objective function on 12 initial parameters.
#calls (max:  100)        time spent (max: 180)     [current  obj]     (current best) 
         1                        1.1               [-6.90543e+01]    (-6.90543e+01)

 ---- Best value -69.0543 found with
        az_ref_u0 = 180

Falsified with obj = -69.0543
****************************************
****************************************
****************************************
****************************************
pval is :
    0.0003    2.7718

phi_settle

alw_[2,20] (((abs(az[t+dt]-az[t]) < epsi1)))

Eval objective function on 12 initial parameters.
#calls (max:  100)        time spent (max: 180)     [current  obj]     (current best) 
         1                        0.9               [-1.62580e-02]    (-1.62580e-02)

 ---- Best value -0.016258 found with
        az_ref_u0 = 180

Falsified with obj = -0.016258
phi_rise

ev_[0,tau1] ((az[t] > az_ref[t]*bt))

Eval objective function on 12 initial parameters.
#calls (max:  100)        time spent (max: 180)     [current  obj]     (current best) 
         1                        0.9               [-6.90543e+01]    (-6.90543e+01)

 ---- Best value -69.0543 found with
        az_ref_u0 = 180

Falsified with obj = -69.0543
phi_conv

ev_[0,tau2] (alw (((abs(az[t]-az_ref[t]) < epsi2) )))

Eval objective function on 12 initial parameters.
#calls (max:  100)        time spent (max: 180)     [current  obj]     (current best) 
         2                        2.2               [-5.12638e-02]    (-5.12638e-02)

 ---- Best value -0.0512638 found with
        az_ref_u0 = 200

Falsified with obj = -0.0512638
phi_spike

alw (not ((((az[t+dt2]-az[t])*10 > m)) and (ev_[0,tau3] (((az[t+dt2]-az[t])*10 < -1*m)))))

Eval objective function on 12 initial parameters.
#calls (max:  100)        time spent (max: 180)     [current  obj]     (current best) 
         2                        2.3               [-7.89161e-03]    (-7.89161e-03)

 ---- Best value -0.00789161 found with
        az_ref_u0 = 200

Falsified with obj = -0.00789161
max+spec_count 
     0

maximum weight is 
     0

****************************************
****************************************
****************************************
****************************************
Elapsed time is 88.767909 seconds.
pso time

(alw_[2,20] (((abs(az[t+dt]-az[t]) < epsi1)))) and ((ev_[0,tau1] ((az[t] > az_ref[t]*bt))) and ((ev_[0,tau2] (alw (((abs(az[t]-az_ref[t]) < epsi2) )))) and (alw (not ((((az[t+dt2]-az[t])*10 > m)) and (ev_[0,tau3] (((az[t+dt2]-az[t])*10 < -1*m))))))))

Eval objective function on 12 initial parameters.
#calls (max:  100)        time spent (max: 180)     [current  obj]     (current best) 
         1                        1.0               [-2.85343e+04]    (-2.85343e+04)

 ---- Best value -28534.3 found with
        az_ref_u0 = 180

Falsified with obj = -28534.3
****************************************
****************************************
****************************************
****************************************
pval is :
    0.0037    5.9396

phi_settle

alw_[2,20] (((abs(az[t+dt]-az[t]) < epsi1)))

Eval objective function on 12 initial parameters.
#calls (max:  100)        time spent (max: 180)     [current  obj]     (current best) 
         1                        0.9               [-3.57848e+02]    (-3.57848e+02)

 ---- Best value -357.848 found with
        az_ref_u0 = 180

Falsified with obj = -357.848
phi_rise

ev_[0,tau1] ((az[t] > az_ref[t]*bt))

Eval objective function on 12 initial parameters.
#calls (max:  100)        time spent (max: 180)     [current  obj]     (current best) 
        10                        6.8               [+9.35357e+02]    (+8.89458e+02)

Starting local optimization using Nelder-Mead algorithm
#calls (max:  100)        time spent (max: 180)     [current  obj]     (current best) 
        20                       10.9               [+8.89459e+02]    (+8.89458e+02)
        30                       13.8               [+8.89458e+02]    (+8.89458e+02)
        40                       16.8               [+8.89458e+02]    (+8.89458e+02)
        50                       22.3               [+8.89458e+02]    (+8.89458e+02)
        60                       27.8               [+8.89458e+02]    (+8.89458e+02)
        70                       33.2               [+8.89458e+02]    (+8.89458e+02)
        80                       38.8               [+8.97182e+02]    (+8.89458e+02)
        90                       44.2               [+8.89473e+02]    (+8.89458e+02)
       100                       50.0               [+8.89458e+02]    (+8.89458e+02)

 ---- Best value 889.458 found with
        az_ref_u0 = 180

No falsifying trace found.
phi_conv

ev_[0,tau2] (alw (((abs(az[t]-az_ref[t]) < epsi2) )))

Eval objective function on 12 initial parameters.
#calls (max:  100)        time spent (max: 180)     [current  obj]     (current best) 
         1                        1.0               [-2.32965e+02]    (-2.32965e+02)

 ---- Best value -232.965 found with
        az_ref_u0 = 180

Falsified with obj = -232.965
phi_spike

alw (not ((((az[t+dt2]-az[t])*10 > m)) and (ev_[0,tau3] (((az[t+dt2]-az[t])*10 < -1*m)))))

Eval objective function on 12 initial parameters.
#calls (max:  100)        time spent (max: 180)     [current  obj]     (current best) 
         1                        1.0               [-2.85343e+04]    (-2.85343e+04)

 ---- Best value -28534.3 found with
        az_ref_u0 = 180

Falsified with obj = -28534.3
max+spec_count 
     1

maximum weight is 
     2

****************************************
****************************************
****************************************
****************************************
Elapsed time is 220.072304 seconds.
pso time

(alw_[2,20] (((abs(az[t+dt]-az[t]) < epsi1)))) and ((ev_[0,tau1] ((az[t] > az_ref[t]*bt))) and ((ev_[0,tau2] (alw (((abs(az[t]-az_ref[t]) < epsi2) )))) and (alw (not ((((az[t+dt2]-az[t])*10 > m)) and (ev_[0,tau3] (((az[t+dt2]-az[t])*10 < -1*m))))))))

Eval objective function on 12 initial parameters.
#calls (max:  100)        time spent (max: 180)     [current  obj]     (current best) 
         1                        1.2               [-4.34072e+04]    (-4.34072e+04)

 ---- Best value -43407.2 found with
        az_ref_u0 = 180

Falsified with obj = -43407.2
****************************************
****************************************
****************************************
****************************************
pval is :
    0.0079    2.0076

phi_settle

alw_[2,20] (((abs(az[t+dt]-az[t]) < epsi1)))

Eval objective function on 12 initial parameters.
#calls (max:  100)        time spent (max: 180)     [current  obj]     (current best) 
         1                        1.2               [-3.96867e+02]    (-3.96867e+02)

 ---- Best value -396.867 found with
        az_ref_u0 = 180

Falsified with obj = -396.867
phi_rise

ev_[0,tau1] ((az[t] > az_ref[t]*bt))

Eval objective function on 12 initial parameters.
#calls (max:  100)        time spent (max: 180)     [current  obj]     (current best) 
        10                        8.9               [+1.36173e+03]    (+1.30932e+03)

Starting local optimization using Nelder-Mead algorithm
#calls (max:  100)        time spent (max: 180)     [current  obj]     (current best) 
        20                       14.4               [+1.30932e+03]    (+1.30932e+03)
        30                       18.2               [+1.30932e+03]    (+1.30932e+03)
        40                       21.9               [+1.30932e+03]    (+1.30932e+03)
 1 samples caused a simulation error.
        50                       29.5               [+1.33082e+03]    (+0.00000e+00)
 1 samples caused a simulation error.
 1 samples caused a simulation error.
        60                       35.6               [+1.31620e+03]    (+0.00000e+00)
 1 samples caused a simulation error.
 1 samples caused a simulation error.
 1 samples caused a simulation error.
 1 samples caused a simulation error.
 1 samples caused a simulation error.
 1 samples caused a simulation error.
 1 samples caused a simulation error.
 1 samples caused a simulation error.
        70                       41.2               [+0.00000e+00]    (+0.00000e+00)
 1 samples caused a simulation error.
 1 samples caused a simulation error.
 1 samples caused a simulation error.
 1 samples caused a simulation error.
        76                      782.0               [+0.00000e+00]    (+0.00000e+00)

 Stopped after max_time was reached.

 ---- Best value 0 found with
        az_ref_u0 = 181.716

No falsifying trace found.
phi_conv

ev_[0,tau2] (alw (((abs(az[t]-az_ref[t]) < epsi2) )))

Eval objective function on 12 initial parameters.
#calls (max:  100)        time spent (max: 180)     [current  obj]     (current best) 
         1                        1.1               [-2.45701e+02]    (-2.45701e+02)

 ---- Best value -245.701 found with
        az_ref_u0 = 180

Falsified with obj = -245.701
phi_spike

alw (not ((((az[t+dt2]-az[t])*10 > m)) and (ev_[0,tau3] (((az[t+dt2]-az[t])*10 < -1*m)))))

Eval objective function on 12 initial parameters.
#calls (max:  100)        time spent (max: 180)     [current  obj]     (current best) 
         1                        1.2               [-4.34072e+04]    (-4.34072e+04)

 ---- Best value -43407.2 found with
        az_ref_u0 = 180

Falsified with obj = -43407.2
max+spec_count 
     1

maximum weight is 
     2

****************************************
****************************************
****************************************
****************************************
Elapsed time is 1084.042719 seconds.
pso time

(alw_[2,20] (((abs(az[t+dt]-az[t]) < epsi1)))) and ((ev_[0,tau1] ((az[t] > az_ref[t]*bt))) and ((ev_[0,tau2] (alw (((abs(az[t]-az_ref[t]) < epsi2) )))) and (alw (not ((((az[t+dt2]-az[t])*10 > m)) and (ev_[0,tau3] (((az[t+dt2]-az[t])*10 < -1*m))))))))

Eval objective function on 12 initial parameters.
#calls (max:  100)        time spent (max: 180)     [current  obj]     (current best) 
         1                        1.0               [-1.41643e+04]    (-1.41643e+04)

 ---- Best value -14164.3 found with
        az_ref_u0 = 180

Falsified with obj = -14164.3
****************************************
****************************************
****************************************
****************************************
pval is :
    0.0046    6.7036

phi_settle

alw_[2,20] (((abs(az[t+dt]-az[t]) < epsi1)))

Eval objective function on 12 initial parameters.
#calls (max:  100)        time spent (max: 180)     [current  obj]     (current best) 
         1                        1.0               [-3.36744e+02]    (-3.36744e+02)

 ---- Best value -336.744 found with
        az_ref_u0 = 180

Falsified with obj = -336.744
phi_rise

ev_[0,tau1] ((az[t] > az_ref[t]*bt))

Eval objective function on 12 initial parameters.
#calls (max:  100)        time spent (max: 180)     [current  obj]     (current best) 
        10                        7.6               [+1.30168e+03]    (+1.24233e+03)
 1 samples caused a simulation error.

Starting local optimization using Nelder-Mead algorithm
#calls (max:  100)        time spent (max: 180)     [current  obj]     (current best) 
 1 samples caused a simulation error.
 1 samples caused a simulation error.
        20                       13.5               [+1.27396e+03]    (+0.00000e+00)
 1 samples caused a simulation error.
 1 samples caused a simulation error.
 1 samples caused a simulation error.
        30                       19.6               [+1.27469e+03]    (+0.00000e+00)
 1 samples caused a simulation error.
 1 samples caused a simulation error.
        40                       25.8               [+1.27453e+03]    (+0.00000e+00)
 1 samples caused a simulation error.
 1 samples caused a simulation error.
 1 samples caused a simulation error.
 1 samples caused a simulation error.
        50                       31.5               [+1.27455e+03]    (+0.00000e+00)
 1 samples caused a simulation error.
 1 samples caused a simulation error.
        60                       37.5               [+1.27455e+03]    (+0.00000e+00)
 1 samples caused a simulation error.
 1 samples caused a simulation error.
 1 samples caused a simulation error.
 1 samples caused a simulation error.
 1 samples caused a simulation error.
 1 samples caused a simulation error.
        70                       43.2               [+0.00000e+00]    (+0.00000e+00)
 1 samples caused a simulation error.
 1 samples caused a simulation error.
 1 samples caused a simulation error.
 1 samples caused a simulation error.
 1 samples caused a simulation error.
 1 samples caused a simulation error.
 1 samples caused a simulation error.
        80                       48.5               [+0.00000e+00]    (+0.00000e+00)
 1 samples caused a simulation error.
 1 samples caused a simulation error.
 1 samples caused a simulation error.
 1 samples caused a simulation error.
 1 samples caused a simulation error.
 1 samples caused a simulation error.
 1 samples caused a simulation error.
 1 samples caused a simulation error.
 1 samples caused a simulation error.
 1 samples caused a simulation error.
        90                       55.3               [+0.00000e+00]    (+0.00000e+00)
 1 samples caused a simulation error.
 1 samples caused a simulation error.
 1 samples caused a simulation error.
 1 samples caused a simulation error.
 1 samples caused a simulation error.
 1 samples caused a simulation error.
 1 samples caused a simulation error.
 1 samples caused a simulation error.
 1 samples caused a simulation error.
 1 samples caused a simulation error.
       100                       61.2               [+0.00000e+00]    (+0.00000e+00)

 ---- Best value 0 found with
        az_ref_u0 = 186.25

No falsifying trace found.
phi_conv

ev_[0,tau2] (alw (((abs(az[t]-az_ref[t]) < epsi2) )))

Eval objective function on 12 initial parameters.
#calls (max:  100)        time spent (max: 180)     [current  obj]     (current best) 
         1                        1.1               [-2.57174e+02]    (-2.57174e+02)

 ---- Best value -257.174 found with
        az_ref_u0 = 180

Falsified with obj = -257.174
phi_spike

alw (not ((((az[t+dt2]-az[t])*10 > m)) and (ev_[0,tau3] (((az[t+dt2]-az[t])*10 < -1*m)))))

Eval objective function on 12 initial parameters.
#calls (max:  100)        time spent (max: 180)     [current  obj]     (current best) 
         1                        1.0               [-1.41643e+04]    (-1.41643e+04)

 ---- Best value -14164.3 found with
        az_ref_u0 = 180

Falsified with obj = -14164.3
max+spec_count 
     1

maximum weight is 
     2

****************************************
****************************************
****************************************
****************************************
Elapsed time is 1227.001549 seconds.
pso time

(alw_[2,20] (((abs(az[t+dt]-az[t]) < epsi1)))) and ((ev_[0,tau1] ((az[t] > az_ref[t]*bt))) and ((ev_[0,tau2] (alw (((abs(az[t]-az_ref[t]) < epsi2) )))) and (alw (not ((((az[t+dt2]-az[t])*10 > m)) and (ev_[0,tau3] (((az[t+dt2]-az[t])*10 < -1*m))))))))

Eval objective function on 12 initial parameters.
#calls (max:  100)        time spent (max: 180)     [current  obj]     (current best) 
         1                        1.5               [-3.85194e+04]    (-3.85194e+04)

 ---- Best value -38519.4 found with
        az_ref_u0 = 180

Falsified with obj = -38519.4
****************************************
****************************************
****************************************
****************************************
pval is :
    0.0221    0.5758

phi_settle

alw_[2,20] (((abs(az[t+dt]-az[t]) < epsi1)))

Eval objective function on 12 initial parameters.
#calls (max:  100)        time spent (max: 180)     [current  obj]     (current best) 
         1                        1.5               [-2.82300e+02]    (-2.82300e+02)

 ---- Best value -282.3 found with
        az_ref_u0 = 180

Falsified with obj = -282.3
phi_rise

ev_[0,tau1] ((az[t] > az_ref[t]*bt))

Eval objective function on 12 initial parameters.
#calls (max:  100)        time spent (max: 180)     [current  obj]     (current best) 
        10                       11.4               [+1.51714e+03]    (+1.46533e+03)

Starting local optimization using Nelder-Mead algorithm
#calls (max:  100)        time spent (max: 180)     [current  obj]     (current best) 
        20                       18.5               [+1.46533e+03]    (+1.46533e+03)
        30                       23.9               [+1.46533e+03]    (+1.46533e+03)
        40                       29.4               [+1.46533e+03]    (+1.46533e+03)
        50                       39.0               [+1.46533e+03]    (+1.46533e+03)
        60                       49.4               [+1.46533e+03]    (+1.46533e+03)
        70                       60.1               [+1.46533e+03]    (+1.46533e+03)
        80                       70.9               [+1.47419e+03]    (+1.46533e+03)
        90                       81.3               [+1.46535e+03]    (+1.46533e+03)
       100                       91.4               [+1.46533e+03]    (+1.46533e+03)

 ---- Best value 1465.33 found with
        az_ref_u0 = 180

No falsifying trace found.
phi_conv

ev_[0,tau2] (alw (((abs(az[t]-az_ref[t]) < epsi2) )))

Eval objective function on 12 initial parameters.
#calls (max:  100)        time spent (max: 180)     [current  obj]     (current best) 
         1                        1.4               [-3.66847e+02]    (-3.66847e+02)

 ---- Best value -366.847 found with
        az_ref_u0 = 180

Falsified with obj = -366.847
phi_spike

alw (not ((((az[t+dt2]-az[t])*10 > m)) and (ev_[0,tau3] (((az[t+dt2]-az[t])*10 < -1*m)))))

Eval objective function on 12 initial parameters.
#calls (max:  100)        time spent (max: 180)     [current  obj]     (current best) 
         1                        1.4               [-3.85194e+04]    (-3.85194e+04)

 ---- Best value -38519.4 found with
        az_ref_u0 = 180

Falsified with obj = -38519.4
max+spec_count 
     1

maximum weight is 
     2

****************************************
****************************************
****************************************
****************************************
Elapsed time is 1403.080894 seconds.
pso time

(alw_[2,20] (((abs(az[t+dt]-az[t]) < epsi1)))) and ((ev_[0,tau1] ((az[t] > az_ref[t]*bt))) and ((ev_[0,tau2] (alw (((abs(az[t]-az_ref[t]) < epsi2) )))) and (alw (not ((((az[t+dt2]-az[t])*10 > m)) and (ev_[0,tau3] (((az[t+dt2]-az[t])*10 < -1*m))))))))

Eval objective function on 12 initial parameters.
#calls (max:  100)        time spent (max: 180)     [current  obj]     (current best) 
 1 samples caused a simulation error.
 1 samples caused a simulation error.
 1 samples caused a simulation error.
 1 samples caused a simulation error.
 1 samples caused a simulation error.
 1 samples caused a simulation error.
 1 samples caused a simulation error.
 1 samples caused a simulation error.
 1 samples caused a simulation error.
 1 samples caused a simulation error.
        10                        7.0               [+0.00000e+00]    (+0.00000e+00)
 1 samples caused a simulation error.
 1 samples caused a simulation error.

Starting local optimization using Nelder-Mead algorithm
#calls (max:  100)        time spent (max: 180)     [current  obj]     (current best) 
 1 samples caused a simulation error.
 1 samples caused a simulation error.
 1 samples caused a simulation error.
 1 samples caused a simulation error.
 1 samples caused a simulation error.
 1 samples caused a simulation error.
        19                       12.4               [-5.32580e+04]    (-5.32580e+04)

 ---- Best value -53258 found with
        az_ref_u0 = 180.028

Falsified with obj = -53258
****************************************
****************************************
****************************************
****************************************
pval is :
    0.0001   22.5341

phi_settle

alw_[2,20] (((abs(az[t+dt]-az[t]) < epsi1)))

Eval objective function on 12 initial parameters.
#calls (max:  100)        time spent (max: 180)     [current  obj]     (current best) 
 1 samples caused a simulation error.
 1 samples caused a simulation error.
 1 samples caused a simulation error.
 1 samples caused a simulation error.
 1 samples caused a simulation error.
 1 samples caused a simulation error.
 1 samples caused a simulation error.
 1 samples caused a simulation error.
 1 samples caused a simulation error.
 1 samples caused a simulation error.
        10                        7.0               [+5.00000e-02]    (+5.00000e-02)
 1 samples caused a simulation error.
 1 samples caused a simulation error.

Starting local optimization using Nelder-Mead algorithm
#calls (max:  100)        time spent (max: 180)     [current  obj]     (current best) 
 1 samples caused a simulation error.
 1 samples caused a simulation error.
 1 samples caused a simulation error.
 1 samples caused a simulation error.
 1 samples caused a simulation error.
 1 samples caused a simulation error.
 1 samples caused a simulation error.
 1 samples caused a simulation error.
        20                       12.8               [+5.00000e-02]    (+5.00000e-02)
 1 samples caused a simulation error.
 1 samples caused a simulation error.
 1 samples caused a simulation error.
 1 samples caused a simulation error.
 1 samples caused a simulation error.
 1 samples caused a simulation error.
 1 samples caused a simulation error.
 1 samples caused a simulation error.
 1 samples caused a simulation error.
 1 samples caused a simulation error.
        30                       18.2               [+5.00000e-02]    (+5.00000e-02)
 1 samples caused a simulation error.
 1 samples caused a simulation error.
 1 samples caused a simulation error.
        34                       20.4               [-4.06194e+04]    (-4.06194e+04)

 ---- Best value -40619.4 found with
        az_ref_u0 = 186.718

Falsified with obj = -40619.4
phi_rise

ev_[0,tau1] ((az[t] > az_ref[t]*bt))

Eval objective function on 12 initial parameters.
#calls (max:  100)        time spent (max: 180)     [current  obj]     (current best) 
 1 samples caused a simulation error.
 1 samples caused a simulation error.
 1 samples caused a simulation error.
 1 samples caused a simulation error.
 1 samples caused a simulation error.
 1 samples caused a simulation error.
 1 samples caused a simulation error.
 1 samples caused a simulation error.
 1 samples caused a simulation error.
 1 samples caused a simulation error.
        10                        7.5               [+0.00000e+00]    (+0.00000e+00)
 1 samples caused a simulation error.
 1 samples caused a simulation error.

Starting local optimization using Nelder-Mead algorithm
#calls (max:  100)        time spent (max: 180)     [current  obj]     (current best) 
 1 samples caused a simulation error.
 1 samples caused a simulation error.
 1 samples caused a simulation error.
 1 samples caused a simulation error.
 1 samples caused a simulation error.
 1 samples caused a simulation error.
        19                       12.4               [-1.44198e+02]    (-1.44198e+02)

 ---- Best value -144.198 found with
        az_ref_u0 = 180.028

Falsified with obj = -144.198
phi_conv

ev_[0,tau2] (alw (((abs(az[t]-az_ref[t]) < epsi2) )))

Eval objective function on 12 initial parameters.
#calls (max:  100)        time spent (max: 180)     [current  obj]     (current best) 
 1 samples caused a simulation error.
 1 samples caused a simulation error.
 1 samples caused a simulation error.
 1 samples caused a simulation error.
 1 samples caused a simulation error.
 1 samples caused a simulation error.
 1 samples caused a simulation error.
 1 samples caused a simulation error.
 1 samples caused a simulation error.
 1 samples caused a simulation error.
        10                        6.8               [+3.50000e+00]    (+3.50000e+00)
 1 samples caused a simulation error.
 1 samples caused a simulation error.

Starting local optimization using Nelder-Mead algorithm
#calls (max:  100)        time spent (max: 180)     [current  obj]     (current best) 
 1 samples caused a simulation error.
 1 samples caused a simulation error.
 1 samples caused a simulation error.
 1 samples caused a simulation error.
 1 samples caused a simulation error.
 1 samples caused a simulation error.
 1 samples caused a simulation error.
 1 samples caused a simulation error.
        20                       12.8               [+3.50000e+00]    (+3.50000e+00)
 1 samples caused a simulation error.
 1 samples caused a simulation error.
 1 samples caused a simulation error.
 1 samples caused a simulation error.
 1 samples caused a simulation error.
 1 samples caused a simulation error.
 1 samples caused a simulation error.
 1 samples caused a simulation error.
 1 samples caused a simulation error.
 1 samples caused a simulation error.
        30                       18.4               [+3.50000e+00]    (+3.50000e+00)
 1 samples caused a simulation error.
 1 samples caused a simulation error.
 1 samples caused a simulation error.
        34                       20.7               [-3.08986e+04]    (-3.08986e+04)

 ---- Best value -30898.6 found with
        az_ref_u0 = 186.718

Falsified with obj = -30898.6
phi_spike

alw (not ((((az[t+dt2]-az[t])*10 > m)) and (ev_[0,tau3] (((az[t+dt2]-az[t])*10 < -1*m)))))

Eval objective function on 12 initial parameters.
#calls (max:  100)        time spent (max: 180)     [current  obj]     (current best) 
 1 samples caused a simulation error.
 1 samples caused a simulation error.
 1 samples caused a simulation error.
 1 samples caused a simulation error.
 1 samples caused a simulation error.
 1 samples caused a simulation error.
 1 samples caused a simulation error.
 1 samples caused a simulation error.
 1 samples caused a simulation error.
 1 samples caused a simulation error.
        10                        7.0               [+3.00000e-01]    (+3.00000e-01)
 1 samples caused a simulation error.
 1 samples caused a simulation error.

Starting local optimization using Nelder-Mead algorithm
#calls (max:  100)        time spent (max: 180)     [current  obj]     (current best) 
 1 samples caused a simulation error.
 1 samples caused a simulation error.
 1 samples caused a simulation error.
 1 samples caused a simulation error.
 1 samples caused a simulation error.
 1 samples caused a simulation error.
 1 samples caused a simulation error.
 1 samples caused a simulation error.
        20                       12.7               [+3.00000e-01]    (+3.00000e-01)
 1 samples caused a simulation error.
 1 samples caused a simulation error.
 1 samples caused a simulation error.
 1 samples caused a simulation error.
 1 samples caused a simulation error.
 1 samples caused a simulation error.
 1 samples caused a simulation error.
 1 samples caused a simulation error.
 1 samples caused a simulation error.
 1 samples caused a simulation error.
        30                       18.2               [+3.00000e-01]    (+3.00000e-01)
 1 samples caused a simulation error.
 1 samples caused a simulation error.
 1 samples caused a simulation error.
        34                       20.4               [-2.84406e+05]    (-2.84406e+05)

 ---- Best value -284406 found with
        az_ref_u0 = 186.718

Falsified with obj = -284406
max+spec_count 
     0

maximum weight is 
     0

****************************************
****************************************
****************************************
****************************************
Elapsed time is 1568.320008 seconds.
pso time

(alw_[2,20] (((abs(az[t+dt]-az[t]) < epsi1)))) and ((ev_[0,tau1] ((az[t] > az_ref[t]*bt))) and ((ev_[0,tau2] (alw (((abs(az[t]-az_ref[t]) < epsi2) )))) and (alw (not ((((az[t+dt2]-az[t])*10 > m)) and (ev_[0,tau3] (((az[t+dt2]-az[t])*10 < -1*m))))))))

Eval objective function on 12 initial parameters.
#calls (max:  100)        time spent (max: 180)     [current  obj]     (current best) 
         1                        1.6               [-4.57718e+04]    (-4.57718e+04)

 ---- Best value -45771.8 found with
        az_ref_u0 = 180

Falsified with obj = -45771.8
****************************************
****************************************
****************************************
****************************************
pval is :
    0.0234    0.4417

phi_settle

alw_[2,20] (((abs(az[t+dt]-az[t]) < epsi1)))

Eval objective function on 12 initial parameters.
#calls (max:  100)        time spent (max: 180)     [current  obj]     (current best) 
         1                        1.5               [-4.41945e+02]    (-4.41945e+02)

 ---- Best value -441.945 found with
        az_ref_u0 = 180

Falsified with obj = -441.945
phi_rise

ev_[0,tau1] ((az[t] > az_ref[t]*bt))

Eval objective function on 12 initial parameters.
#calls (max:  100)        time spent (max: 180)     [current  obj]     (current best) 
        10                       12.6               [+1.31565e+03]    (+1.26963e+03)

Starting local optimization using Nelder-Mead algorithm
#calls (max:  100)        time spent (max: 180)     [current  obj]     (current best) 
        20                       20.4               [+1.26963e+03]    (+1.26963e+03)
        30                       25.8               [+1.26963e+03]    (+1.26963e+03)
        40                       31.4               [+1.26963e+03]    (+1.26963e+03)
        50                       42.5               [+1.26963e+03]    (+1.26963e+03)
        60                       53.3               [+1.26963e+03]    (+1.26963e+03)
        70                       64.6               [+1.26963e+03]    (+1.26963e+03)
        80                       75.6               [+1.27746e+03]    (+1.26963e+03)
        90                       87.5               [+1.26965e+03]    (+1.26963e+03)
       100                       98.4               [+1.26963e+03]    (+1.26963e+03)

 ---- Best value 1269.63 found with
        az_ref_u0 = 180

No falsifying trace found.
phi_conv

ev_[0,tau2] (alw (((abs(az[t]-az_ref[t]) < epsi2) )))

Eval objective function on 12 initial parameters.
#calls (max:  100)        time spent (max: 180)     [current  obj]     (current best) 
         1                        1.5               [-2.87487e+02]    (-2.87487e+02)

 ---- Best value -287.487 found with
        az_ref_u0 = 180

Falsified with obj = -287.487
phi_spike

alw (not ((((az[t+dt2]-az[t])*10 > m)) and (ev_[0,tau3] (((az[t+dt2]-az[t])*10 < -1*m)))))

Eval objective function on 12 initial parameters.
#calls (max:  100)        time spent (max: 180)     [current  obj]     (current best) 
         1                        1.5               [-4.57718e+04]    (-4.57718e+04)

 ---- Best value -45771.8 found with
        az_ref_u0 = 180

Falsified with obj = -45771.8
max+spec_count 
     1

maximum weight is 
     2

****************************************
****************************************
****************************************
****************************************
Elapsed time is 1752.244933 seconds.
pso time

(alw_[2,20] (((abs(az[t+dt]-az[t]) < epsi1)))) and ((ev_[0,tau1] ((az[t] > az_ref[t]*bt))) and ((ev_[0,tau2] (alw (((abs(az[t]-az_ref[t]) < epsi2) )))) and (alw (not ((((az[t+dt2]-az[t])*10 > m)) and (ev_[0,tau3] (((az[t+dt2]-az[t])*10 < -1*m))))))))

Eval objective function on 12 initial parameters.
#calls (max:  100)        time spent (max: 180)     [current  obj]     (current best) 
         1                      733.8               [-1.76778e+02]    (-1.76778e+02)

 Stopped after max_time was reached.

 ---- Best value -176.778 found with
        az_ref_u0 = 180

Falsified with obj = -176.778
****************************************
****************************************
****************************************
****************************************
pval is :
    0.0205   21.3098

phi_settle

alw_[2,20] (((abs(az[t+dt]-az[t]) < epsi1)))

Eval objective function on 12 initial parameters.
#calls (max:  100)        time spent (max: 180)     [current  obj]     (current best) 
         1                      821.0               [-1.87671e+01]    (-1.87671e+01)

 Stopped after max_time was reached.

 ---- Best value -18.7671 found with
        az_ref_u0 = 180

Falsified with obj = -18.7671
phi_rise

ev_[0,tau1] ((az[t] > az_ref[t]*bt))

Eval objective function on 12 initial parameters.
#calls (max:  100)        time spent (max: 180)     [current  obj]     (current best) 
         1                      693.7               [-1.71000e+02]    (-1.71000e+02)

 Stopped after max_time was reached.

 ---- Best value -171 found with
        az_ref_u0 = 180

Falsified with obj = -171
phi_conv

ev_[0,tau2] (alw (((abs(az[t]-az_ref[t]) < epsi2) )))

Eval objective function on 12 initial parameters.
#calls (max:  100)        time spent (max: 180)     [current  obj]     (current best) 
         1                      703.4               [-1.75105e+02]    (-1.75105e+02)

 Stopped after max_time was reached.

 ---- Best value -175.105 found with
        az_ref_u0 = 180

Falsified with obj = -175.105
phi_spike

alw (not ((((az[t+dt2]-az[t])*10 > m)) and (ev_[0,tau3] (((az[t+dt2]-az[t])*10 < -1*m)))))

Eval objective function on 12 initial parameters.
#calls (max:  100)        time spent (max: 180)     [current  obj]     (current best) 
         1                      676.7               [-1.47437e+02]    (-1.47437e+02)

 Stopped after max_time was reached.

 ---- Best value -147.437 found with
        az_ref_u0 = 180

Falsified with obj = -147.437
max+spec_count 
     0

maximum weight is 
     0

****************************************
****************************************
****************************************
****************************************
Elapsed time is 5497.533684 seconds.
pso time

(alw_[2,20] (((abs(az[t+dt]-az[t]) < epsi1)))) and ((ev_[0,tau1] ((az[t] > az_ref[t]*bt))) and ((ev_[0,tau2] (alw (((abs(az[t]-az_ref[t]) < epsi2) )))) and (alw (not ((((az[t+dt2]-az[t])*10 > m)) and (ev_[0,tau3] (((az[t+dt2]-az[t])*10 < -1*m))))))))

Eval objective function on 12 initial parameters.
#calls (max:  100)        time spent (max: 180)     [current  obj]     (current best) 
         1                        1.3               [-5.15673e+04]    (-5.15673e+04)

 ---- Best value -51567.3 found with
        az_ref_u0 = 180

Falsified with obj = -51567.3
****************************************
****************************************
****************************************
****************************************
pval is :
    0.0195    0.8343

phi_settle

alw_[2,20] (((abs(az[t+dt]-az[t]) < epsi1)))

Eval objective function on 12 initial parameters.
#calls (max:  100)        time spent (max: 180)     [current  obj]     (current best) 
         1                        1.4               [-3.44663e+02]    (-3.44663e+02)

 ---- Best value -344.663 found with
        az_ref_u0 = 180

Falsified with obj = -344.663
phi_rise

ev_[0,tau1] ((az[t] > az_ref[t]*bt))

Eval objective function on 12 initial parameters.
#calls (max:  100)        time spent (max: 180)     [current  obj]     (current best) 
        10                       11.2               [+5.99493e+03]    (+5.81133e+03)

Starting local optimization using Nelder-Mead algorithm
#calls (max:  100)        time spent (max: 180)     [current  obj]     (current best) 
        20                       18.7               [+5.81133e+03]    (+5.81133e+03)
        30                       24.1               [+5.81133e+03]    (+5.81133e+03)
        40                       29.5               [+5.81133e+03]    (+5.81133e+03)
        50                       40.5               [+5.81433e+03]    (+5.81133e+03)
        60                       51.5               [+5.81133e+03]    (+5.81133e+03)
        70                       62.4               [+5.81133e+03]    (+5.81133e+03)
        80                       73.0               [+5.88245e+03]    (+5.81133e+03)
        90                       83.8               [+5.81155e+03]    (+5.81133e+03)
       100                       94.9               [+5.81133e+03]    (+5.81133e+03)

 ---- Best value 5811.33 found with
        az_ref_u0 = 200

No falsifying trace found.
phi_conv

ev_[0,tau2] (alw (((abs(az[t]-az_ref[t]) < epsi2) )))

Eval objective function on 12 initial parameters.
#calls (max:  100)        time spent (max: 180)     [current  obj]     (current best) 
         1                        1.3               [-2.82025e+02]    (-2.82025e+02)

 ---- Best value -282.025 found with
        az_ref_u0 = 180

Falsified with obj = -282.025
phi_spike

alw (not ((((az[t+dt2]-az[t])*10 > m)) and (ev_[0,tau3] (((az[t+dt2]-az[t])*10 < -1*m)))))

Eval objective function on 12 initial parameters.
#calls (max:  100)        time spent (max: 180)     [current  obj]     (current best) 
         1                        1.3               [-5.15673e+04]    (-5.15673e+04)

 ---- Best value -51567.3 found with
        az_ref_u0 = 180

Falsified with obj = -51567.3
max+spec_count 
     1

maximum weight is 
     2

****************************************
****************************************
****************************************
****************************************
Elapsed time is 5691.083255 seconds.
pso time

(alw_[2,20] (((abs(az[t+dt]-az[t]) < epsi1)))) and ((ev_[0,tau1] ((az[t] > az_ref[t]*bt))) and ((ev_[0,tau2] (alw (((abs(az[t]-az_ref[t]) < epsi2) )))) and (alw (not ((((az[t+dt2]-az[t])*10 > m)) and (ev_[0,tau3] (((az[t+dt2]-az[t])*10 < -1*m))))))))

Eval objective function on 12 initial parameters.
#calls (max:  100)        time spent (max: 180)     [current  obj]     (current best) 
         1                        0.9               [-8.00019e+01]    (-8.00019e+01)

 ---- Best value -80.0019 found with
        az_ref_u0 = 180

Falsified with obj = -80.0019
****************************************
****************************************
****************************************
****************************************
pval is :
    0.0002    2.5052

phi_settle

alw_[2,20] (((abs(az[t+dt]-az[t]) < epsi1)))

Eval objective function on 12 initial parameters.
#calls (max:  100)        time spent (max: 180)     [current  obj]     (current best) 
         1                        0.9               [-4.39601e-02]    (-4.39601e-02)

 ---- Best value -0.0439601 found with
        az_ref_u0 = 180

Falsified with obj = -0.0439601
phi_rise

ev_[0,tau1] ((az[t] > az_ref[t]*bt))

Eval objective function on 12 initial parameters.
#calls (max:  100)        time spent (max: 180)     [current  obj]     (current best) 
         1                        0.9               [-8.00019e+01]    (-8.00019e+01)

 ---- Best value -80.0019 found with
        az_ref_u0 = 180

Falsified with obj = -80.0019
phi_conv

ev_[0,tau2] (alw (((abs(az[t]-az_ref[t]) < epsi2) )))

Eval objective function on 12 initial parameters.
#calls (max:  100)        time spent (max: 180)     [current  obj]     (current best) 
         2                        2.2               [-3.49253e-01]    (-3.49253e-01)

 ---- Best value -0.349253 found with
        az_ref_u0 = 200

Falsified with obj = -0.349253
phi_spike

alw (not ((((az[t+dt2]-az[t])*10 > m)) and (ev_[0,tau3] (((az[t+dt2]-az[t])*10 < -1*m)))))

Eval objective function on 12 initial parameters.
#calls (max:  100)        time spent (max: 180)     [current  obj]     (current best) 
         2                        2.3               [-1.86396e-02]    (-1.86396e-02)

 ---- Best value -0.0186396 found with
        az_ref_u0 = 200

Falsified with obj = -0.0186396
max+spec_count 
     0

maximum weight is 
     0

****************************************
****************************************
****************************************
****************************************
Elapsed time is 5775.906311 seconds.
pso time

(alw_[2,20] (((abs(az[t+dt]-az[t]) < epsi1)))) and ((ev_[0,tau1] ((az[t] > az_ref[t]*bt))) and ((ev_[0,tau2] (alw (((abs(az[t]-az_ref[t]) < epsi2) )))) and (alw (not ((((az[t+dt2]-az[t])*10 > m)) and (ev_[0,tau3] (((az[t+dt2]-az[t])*10 < -1*m))))))))

Eval objective function on 12 initial parameters.
#calls (max:  100)        time spent (max: 180)     [current  obj]     (current best) 
         1                        1.5               [-1.90031e+04]    (-1.90031e+04)

 ---- Best value -19003.1 found with
        az_ref_u0 = 180

Falsified with obj = -19003.1
****************************************
****************************************
****************************************
****************************************
pval is :
    0.0262    0.1643

phi_settle

alw_[2,20] (((abs(az[t+dt]-az[t]) < epsi1)))

Eval objective function on 12 initial parameters.
#calls (max:  100)        time spent (max: 180)     [current  obj]     (current best) 
         1                        1.5               [-6.29557e+02]    (-6.29557e+02)

 ---- Best value -629.557 found with
        az_ref_u0 = 180

Falsified with obj = -629.557
phi_rise

ev_[0,tau1] ((az[t] > az_ref[t]*bt))

Eval objective function on 12 initial parameters.
#calls (max:  100)        time spent (max: 180)     [current  obj]     (current best) 
        10                       11.2               [+7.14517e+02]    (+6.89330e+02)

Starting local optimization using Nelder-Mead algorithm
#calls (max:  100)        time spent (max: 180)     [current  obj]     (current best) 
        20                       18.7               [+6.89331e+02]    (+6.89330e+02)
        30                       24.1               [+6.89330e+02]    (+6.89330e+02)
        40                       29.6               [+6.89330e+02]    (+6.89330e+02)
        50                       39.8               [+6.89331e+02]    (+6.89330e+02)
        60                       50.5               [+6.89330e+02]    (+6.89330e+02)
        70                       61.0               [+6.89330e+02]    (+6.89330e+02)
        80                       71.3               [+6.93620e+02]    (+6.89330e+02)
        90                       81.6               [+6.89339e+02]    (+6.89330e+02)
       100                       92.0               [+6.89330e+02]    (+6.89330e+02)

 ---- Best value 689.33 found with
        az_ref_u0 = 180

No falsifying trace found.
phi_conv

ev_[0,tau2] (alw (((abs(az[t]-az_ref[t]) < epsi2) )))

Eval objective function on 12 initial parameters.
#calls (max:  100)        time spent (max: 180)     [current  obj]     (current best) 
         1                        1.5               [-2.91690e+02]    (-2.91690e+02)

 ---- Best value -291.69 found with
        az_ref_u0 = 180

Falsified with obj = -291.69
phi_spike

alw (not ((((az[t+dt2]-az[t])*10 > m)) and (ev_[0,tau3] (((az[t+dt2]-az[t])*10 < -1*m)))))

Eval objective function on 12 initial parameters.
#calls (max:  100)        time spent (max: 180)     [current  obj]     (current best) 
         1                        1.5               [-1.90031e+04]    (-1.90031e+04)

 ---- Best value -19003.1 found with
        az_ref_u0 = 180

Falsified with obj = -19003.1
max+spec_count 
     1

maximum weight is 
     2

****************************************
****************************************
****************************************
****************************************
Elapsed time is 5950.245644 seconds.
pso time

(alw_[2,20] (((abs(az[t+dt]-az[t]) < epsi1)))) and ((ev_[0,tau1] ((az[t] > az_ref[t]*bt))) and ((ev_[0,tau2] (alw (((abs(az[t]-az_ref[t]) < epsi2) )))) and (alw (not ((((az[t+dt2]-az[t])*10 > m)) and (ev_[0,tau3] (((az[t+dt2]-az[t])*10 < -1*m))))))))

Eval objective function on 12 initial parameters.
#calls (max:  100)        time spent (max: 180)     [current  obj]     (current best) 
         1                        0.9               [-1.61862e+02]    (-1.61862e+02)

 ---- Best value -161.862 found with
        az_ref_u0 = 180

Falsified with obj = -161.862
****************************************
****************************************
****************************************
****************************************
pval is :
    0.0001    0.6712

phi_settle

alw_[2,20] (((abs(az[t+dt]-az[t]) < epsi1)))

Eval objective function on 12 initial parameters.
#calls (max:  100)        time spent (max: 180)     [current  obj]     (current best) 
         1                        0.9               [-4.05194e+00]    (-4.05194e+00)

 ---- Best value -4.05194 found with
        az_ref_u0 = 180

Falsified with obj = -4.05194
phi_rise

ev_[0,tau1] ((az[t] > az_ref[t]*bt))

Eval objective function on 12 initial parameters.
#calls (max:  100)        time spent (max: 180)     [current  obj]     (current best) 
         1                        0.9               [-1.61862e+02]    (-1.61862e+02)

 ---- Best value -161.862 found with
        az_ref_u0 = 180

Falsified with obj = -161.862
phi_conv

ev_[0,tau2] (alw (((abs(az[t]-az_ref[t]) < epsi2) )))

Eval objective function on 12 initial parameters.
#calls (max:  100)        time spent (max: 180)     [current  obj]     (current best) 
         1                        0.8               [-2.62255e+00]    (-2.62255e+00)

 ---- Best value -2.62255 found with
        az_ref_u0 = 180

Falsified with obj = -2.62255
phi_spike

alw (not ((((az[t+dt2]-az[t])*10 > m)) and (ev_[0,tau3] (((az[t+dt2]-az[t])*10 < -1*m)))))

Eval objective function on 12 initial parameters.
#calls (max:  100)        time spent (max: 180)     [current  obj]     (current best) 
         1                        0.9               [-4.98003e-01]    (-4.98003e-01)

 ---- Best value -0.498003 found with
        az_ref_u0 = 180

Falsified with obj = -0.498003
max+spec_count 
     0

maximum weight is 
     0

****************************************
****************************************
****************************************
****************************************
Elapsed time is 6034.099527 seconds.
pso time

(alw_[2,20] (((abs(az[t+dt]-az[t]) < epsi1)))) and ((ev_[0,tau1] ((az[t] > az_ref[t]*bt))) and ((ev_[0,tau2] (alw (((abs(az[t]-az_ref[t]) < epsi2) )))) and (alw (not ((((az[t+dt2]-az[t])*10 > m)) and (ev_[0,tau3] (((az[t+dt2]-az[t])*10 < -1*m))))))))

Eval objective function on 12 initial parameters.
#calls (max:  100)        time spent (max: 180)     [current  obj]     (current best) 
         1                        0.9               [-1.19216e+02]    (-1.19216e+02)

 ---- Best value -119.216 found with
        az_ref_u0 = 180

Falsified with obj = -119.216
****************************************
****************************************
****************************************
****************************************
pval is :
    0.0002    1.9357

phi_settle

alw_[2,20] (((abs(az[t+dt]-az[t]) < epsi1)))

Eval objective function on 12 initial parameters.
#calls (max:  100)        time spent (max: 180)     [current  obj]     (current best) 
         1                        0.8               [-1.35470e+00]    (-1.35470e+00)

 ---- Best value -1.3547 found with
        az_ref_u0 = 180

Falsified with obj = -1.3547
phi_rise

ev_[0,tau1] ((az[t] > az_ref[t]*bt))

Eval objective function on 12 initial parameters.
#calls (max:  100)        time spent (max: 180)     [current  obj]     (current best) 
         1                        0.9               [-1.19216e+02]    (-1.19216e+02)

 ---- Best value -119.216 found with
        az_ref_u0 = 180

Falsified with obj = -119.216
phi_conv

ev_[0,tau2] (alw (((abs(az[t]-az_ref[t]) < epsi2) )))

Eval objective function on 12 initial parameters.
#calls (max:  100)        time spent (max: 180)     [current  obj]     (current best) 
         2                        2.2               [-1.74904e+00]    (-1.74904e+00)

 ---- Best value -1.74904 found with
        az_ref_u0 = 200

Falsified with obj = -1.74904
phi_spike

alw (not ((((az[t+dt2]-az[t])*10 > m)) and (ev_[0,tau3] (((az[t+dt2]-az[t])*10 < -1*m)))))

Eval objective function on 12 initial parameters.
#calls (max:  100)        time spent (max: 180)     [current  obj]     (current best) 
         2                        2.2               [-1.36130e-01]    (-1.36130e-01)

 ---- Best value -0.13613 found with
        az_ref_u0 = 200

Falsified with obj = -0.13613
max+spec_count 
     0

maximum weight is 
     0

****************************************
****************************************
****************************************
****************************************
Elapsed time is 6119.907134 seconds.
pso time

(alw_[2,20] (((abs(az[t+dt]-az[t]) < epsi1)))) and ((ev_[0,tau1] ((az[t] > az_ref[t]*bt))) and ((ev_[0,tau2] (alw (((abs(az[t]-az_ref[t]) < epsi2) )))) and (alw (not ((((az[t+dt2]-az[t])*10 > m)) and (ev_[0,tau3] (((az[t+dt2]-az[t])*10 < -1*m))))))))

Eval objective function on 12 initial parameters.
#calls (max:  100)        time spent (max: 180)     [current  obj]     (current best) 
 1 samples caused a simulation error.
 1 samples caused a simulation error.
 1 samples caused a simulation error.
         3                      760.1               [+0.00000e+00]    (+0.00000e+00)

 Stopped after max_time was reached.

 ---- Best value 0 found with
        az_ref_u0 = 180

No falsifying trace found.
****************************************
****************************************
****************************************
****************************************
pval is :
    0.0078    9.6574

phi_settle
{Error using <a href="matlab:matlab.internal.language.introspective.errorDocCallback('save_system', '/usr/local/MATLAB/R2020a/toolbox/simulink/simulink/save_system.m', 43)" style="font-weight:bold">save_system</a> (<a href="matlab: opentoline('/usr/local/MATLAB/R2020a/toolbox/simulink/simulink/save_system.m',43,0)">line 43</a>)
Program interruption (Ctrl-C) has been detected.

Error in <a href="matlab:matlab.internal.language.introspective.errorDocCallback('BreachSimulinkSystem/CreateInterface', '/home/nikhil/home/CSyn/breach/Core/BreachSimulinkSystem.m', 195)" style="font-weight:bold">BreachSimulinkSystem/CreateInterface</a> (<a href="matlab: opentoline('/home/nikhil/home/CSyn/breach/Core/BreachSimulinkSystem.m',195,0)">line 195</a>)
            save_system(mdl,[breach_data_dir filesep mdl_breach]);

Error in <a href="matlab:matlab.internal.language.introspective.errorDocCallback('BreachSimulinkSystem', '/home/nikhil/home/CSyn/breach/Core/BreachSimulinkSystem.m', 78)" style="font-weight:bold">BreachSimulinkSystem</a> (<a href="matlab: opentoline('/home/nikhil/home/CSyn/breach/Core/BreachSimulinkSystem.m',78,0)">line 78</a>)
                    this.CreateInterface(mdl_name);

Error in <a href="matlab:matlab.internal.language.introspective.errorDocCallback('init_airframe', '/home/nikhil/home/CSyn_GA/src/init_airframe.m', 5)" style="font-weight:bold">init_airframe</a> (<a href="matlab: opentoline('/home/nikhil/home/CSyn_GA/src/init_airframe.m',5,0)">line 5</a>)
    B = BreachSimulinkSystem(newfile);

Error in <a href="matlab:matlab.internal.language.introspective.errorDocCallback('maximal_specifications', '/home/nikhil/home/CSyn_GA/src/maximal_specifications.m', 349)" style="font-weight:bold">maximal_specifications</a> (<a href="matlab: opentoline('/home/nikhil/home/CSyn_GA/src/maximal_specifications.m',349,0)">line 349</a>)
                 [phi,rob,BrFalse]=init_airframe('scdairframectrl',specno,1);

Error in <a href="matlab:matlab.internal.language.introspective.errorDocCallback('pidtest', '/home/nikhil/home/CSyn_GA/src/pidtest.m', 105)" style="font-weight:bold">pidtest</a> (<a href="matlab: opentoline('/home/nikhil/home/CSyn_GA/src/pidtest.m',105,0)">line 105</a>)
     [count,wcount]=maximal_specifications(modelno,pval);

Error in <a href="matlab:matlab.internal.language.introspective.errorDocCallback('sanewpoint', '/usr/local/MATLAB/R2020a/toolbox/globaloptim/globaloptim/private/sanewpoint.m', 24)" style="font-weight:bold">sanewpoint</a> (<a href="matlab: opentoline('/usr/local/MATLAB/R2020a/toolbox/globaloptim/globaloptim/private/sanewpoint.m',24,0)">line 24</a>)
newfval = problem.objective(newx);

Error in <a href="matlab:matlab.internal.language.introspective.errorDocCallback('saengine', '/usr/local/MATLAB/R2020a/toolbox/globaloptim/globaloptim/private/saengine.m', 29)" style="font-weight:bold">saengine</a> (<a href="matlab: opentoline('/usr/local/MATLAB/R2020a/toolbox/globaloptim/globaloptim/private/saengine.m',29,0)">line 29</a>)
    solverData = sanewpoint(solverData,problem,options);

Error in <a href="matlab:matlab.internal.language.introspective.errorDocCallback('simulanneal', '/usr/local/MATLAB/R2020a/toolbox/globaloptim/globaloptim/private/simulanneal.m', 50)" style="font-weight:bold">simulanneal</a> (<a href="matlab: opentoline('/usr/local/MATLAB/R2020a/toolbox/globaloptim/globaloptim/private/simulanneal.m',50,0)">line 50</a>)
solverData = saengine(solverData,problem,options);

Error in <a href="matlab:matlab.internal.language.introspective.errorDocCallback('simulannealbnd', '/usr/local/MATLAB/R2020a/toolbox/globaloptim/globaloptim/simulannealbnd.m', 163)" style="font-weight:bold">simulannealbnd</a> (<a href="matlab: opentoline('/usr/local/MATLAB/R2020a/toolbox/globaloptim/globaloptim/simulannealbnd.m',163,0)">line 163</a>)
[x, fval, exitflag, output] = simulanneal(FUN, x0, [], [], [], [], lb, ub, options);

Error in <a href="matlab:matlab.internal.language.introspective.errorDocCallback('simulated_annealing', '/home/nikhil/home/CSyn_GA/src/simulated_annealing.m', 80)" style="font-weight:bold">simulated_annealing</a> (<a href="matlab: opentoline('/home/nikhil/home/CSyn_GA/src/simulated_annealing.m',80,0)">line 80</a>)
[x,fval,exitFlag,output] = simulannealbnd(fun,x0,lb,ub); - <a href="matlab:interactive_actions_helper.displayMStack([struct('file','/usr/local/MATLAB/R2020a/toolbox/simulink/simulink/save_system.m','line',43,'name','save_system'),struct('file','/home/nikhil/home/CSyn/breach/Core/BreachSimulinkSystem.m','line',195,'name','BreachSimulinkSystem>BreachSimulinkSystem.CreateInterface'),struct('file','/home/nikhil/home/CSyn/breach/Core/BreachSimulinkSystem.m','line',78,'name','BreachSimulinkSystem>BreachSimulinkSystem.BreachSimulinkSystem'),struct('file','/home/nikhil/home/CSyn_GA/src/init_airframe.m','line',5,'name','init_airframe'),struct('file','/home/nikhil/home/CSyn_GA/src/maximal_specifications.m','line',349,'name','maximal_specifications'),struct('file','/home/nikhil/home/CSyn_GA/src/pidtest.m','line',105,'name','pidtest'),struct('file','/usr/local/MATLAB/R2020a/toolbox/globaloptim/globaloptim/private/sanewpoint.m','line',24,'name','sanewpoint'),struct('file','/usr/local/MATLAB/R2020a/toolbox/globaloptim/globaloptim/private/saengine.m','line',29,'name','saengine'),struct('file','/usr/local/MATLAB/R2020a/toolbox/globaloptim/globaloptim/private/simulanneal.m','line',50,'name','simulanneal'),struct('file','/usr/local/MATLAB/R2020a/toolbox/globaloptim/globaloptim/simulannealbnd.m','line',163,'name','simulannealbnd'),struct('file','/home/nikhil/home/CSyn_GA/src/simulated_annealing.m','line',80,'name','simulated_annealing')]);">Show complete stack trace</a>
} 
simulated_annealing
